2026-03-04 00:27:06,938 [INFO] Activator:176 - 


2026-03-04 00:27:06,940 [INFO] Activator:177 - !SESSION log4j initialized
2026-03-04 00:27:09,420 [INFO] LogOutputStream:77 - [STDOUT_REDIRECT] 
2026-03-04 00:27:11,088 [INFO] ApplicationProperties:184 - Using Application install path: C:\ST\STM32CubeIDE_1.19.0\STM32CubeIDE\plugins\com.st.stm32cube.common.mx_6.15.0.202507011659
2026-03-04 00:27:11,099 [INFO] DbMcusXml:78 - Set database path to: C:\ST\STM32CubeIDE_1.19.0\STM32CubeIDE\plugins\com.st.stm32cube.common.mx_6.15.0.202507011659\\db\/mcu/
2026-03-04 00:27:11,099 [INFO] ApiDb:274 - Set plugin database path to: C:\ST\STM32CubeIDE_1.19.0\STM32CubeIDE\plugins\com.st.stm32cube.common.mx_6.15.0.202507011659\\db\/plugins/boardmanager/
2026-03-04 00:27:11,100 [WARN] ApiDb:259 - Overriding images path with different value:  => C:\ST\STM32CubeIDE_1.19.0\STM32CubeIDE\plugins\com.st.stm32cube.common.mx_6.15.0.202507011659\\db\/plugins/mcufinder/images/
2026-03-04 00:27:11,104 [INFO] ApiDb:250 - Set database path to: C:\Users\abdal\.stmcufinder\plugins\mcufinder//mcu/
2026-03-04 00:27:11,105 [INFO] DbMcusAds:125 - Set database path to: C:\Users\abdal\.stmcufinder\plugins\mcufinder//mcu/
2026-03-04 00:27:11,106 [INFO] CrossReferenceDbSqlite:203 - Set database path to: C:\Users\abdal\.stmcufinder\plugins\mcufinder//mcu/cs/
2026-03-04 00:27:11,183 [INFO] RulesReader:64 - Compatibility file has been processed (317 Rules)
2026-03-04 00:27:11,250 [INFO] DbMcusXml:78 - Set database path to: C:\ST\STM32CubeIDE_1.19.0\STM32CubeIDE\plugins\com.st.stm32cube.common.mx_6.15.0.202507011659\\db\/mcu/
2026-03-04 00:27:11,250 [INFO] ApiDb:274 - Set plugin database path to: C:\ST\STM32CubeIDE_1.19.0\STM32CubeIDE\plugins\com.st.stm32cube.common.mx_6.15.0.202507011659\\db\/plugins/boardmanager/
2026-03-04 00:27:11,250 [INFO] ApiDb:261 - Set plugin images path to: C:\ST\STM32CubeIDE_1.19.0\STM32CubeIDE\plugins\com.st.stm32cube.common.mx_6.15.0.202507011659\\db\/plugins/mcufinder/images/
2026-03-04 00:27:11,250 [WARN] DbFile:41 - Overriding database path with different value: C:\Users\abdal\.stmcufinder\plugins\mcufinder/ => C:\Users\abdal\.stmcufinder\plugins\mcufinder
2026-03-04 00:27:11,250 [INFO] ApiDb:250 - Set database path to: C:\Users\abdal\.stmcufinder\plugins\mcufinder//mcu/
2026-03-04 00:27:11,250 [WARN] DbFile:41 - Overriding database path with different value: C:\Users\abdal\.stmcufinder\plugins\mcufinder/ => C:\Users\abdal\.stmcufinder\plugins\mcufinder
2026-03-04 00:27:11,251 [INFO] DbMcusAds:125 - Set database path to: C:\Users\abdal\.stmcufinder\plugins\mcufinder//mcu/
2026-03-04 00:27:11,251 [WARN] DbFile:41 - Overriding database path with different value: C:\Users\abdal\.stmcufinder\plugins\mcufinder/ => C:\Users\abdal\.stmcufinder\plugins\mcufinder
2026-03-04 00:27:11,251 [WARN] DbFile:41 - Overriding database path with different value: C:\Users\abdal\.stmcufinder\plugins\mcufinder/ => C:\Users\abdal\.stmcufinder\plugins\mcufinder
2026-03-04 00:27:11,251 [INFO] CrossReferenceDbSqlite:203 - Set database path to: C:\Users\abdal\.stmcufinder\plugins\mcufinder//mcu/cs/
2026-03-04 00:27:11,323 [INFO] MainPanel:274 - HeapMemory: 268435456
2026-03-04 00:27:11,389 [INFO] DbMcusXml:78 - Set database path to: C:\ST\STM32CubeIDE_1.19.0\STM32CubeIDE\plugins\com.st.stm32cube.common.mx_6.15.0.202507011659\\db\/mcu/
2026-03-04 00:27:11,389 [INFO] ApiDb:274 - Set plugin database path to: C:\ST\STM32CubeIDE_1.19.0\STM32CubeIDE\plugins\com.st.stm32cube.common.mx_6.15.0.202507011659\\db\/plugins/boardmanager/
2026-03-04 00:27:11,389 [INFO] ApiDb:261 - Set plugin images path to: C:\ST\STM32CubeIDE_1.19.0\STM32CubeIDE\plugins\com.st.stm32cube.common.mx_6.15.0.202507011659\\db\/plugins/mcufinder/images/
2026-03-04 00:27:11,390 [WARN] DbFile:41 - Overriding database path with different value: C:\Users\abdal\.stmcufinder\plugins\mcufinder/ => C:\Users\abdal\.stmcufinder\plugins\mcufinder
2026-03-04 00:27:11,390 [INFO] ApiDb:250 - Set database path to: C:\Users\abdal\.stmcufinder\plugins\mcufinder//mcu/
2026-03-04 00:27:11,390 [WARN] DbFile:41 - Overriding database path with different value: C:\Users\abdal\.stmcufinder\plugins\mcufinder/ => C:\Users\abdal\.stmcufinder\plugins\mcufinder
2026-03-04 00:27:11,390 [INFO] DbMcusAds:125 - Set database path to: C:\Users\abdal\.stmcufinder\plugins\mcufinder//mcu/
2026-03-04 00:27:11,390 [WARN] DbFile:41 - Overriding database path with different value: C:\Users\abdal\.stmcufinder\plugins\mcufinder/ => C:\Users\abdal\.stmcufinder\plugins\mcufinder
2026-03-04 00:27:11,390 [WARN] DbFile:41 - Overriding database path with different value: C:\Users\abdal\.stmcufinder\plugins\mcufinder/ => C:\Users\abdal\.stmcufinder\plugins\mcufinder
2026-03-04 00:27:11,390 [INFO] CrossReferenceDbSqlite:203 - Set database path to: C:\Users\abdal\.stmcufinder\plugins\mcufinder//mcu/cs/
2026-03-04 00:27:11,405 [INFO] ApplicationProperties:184 - Using Application install path: C:\ST\STM32CubeIDE_1.19.0\STM32CubeIDE\plugins\com.st.stm32cube.common.mx_6.15.0.202507011659
2026-03-04 00:27:11,406 [INFO] PluginManage:196 - Search for loadable plugins [exclusion list=, ]
2026-03-04 00:27:11,407 [INFO] PluginManage:310 - Check plugin analytics
2026-03-04 00:27:11,577 [INFO] AnalyticsPlugin:253 - Accepted Software Licenses: 
2026-03-04 00:27:11,577 [INFO] AnalyticsPlugin:255 - Accepted CMSIS Pack Licenses: 
2026-03-04 00:27:11,577 [INFO] AnalyticsPlugin:257 - Accepted Firmware Licenses: FW.F4.1.28.0
2026-03-04 00:27:11,580 [INFO] PluginManage:359 - Loaded plugin analytics (category:tool,tabindex:-1)
2026-03-04 00:27:11,581 [INFO] PluginManage:310 - Check plugin cadmodel
2026-03-04 00:27:11,586 [INFO] CADModel:105 - Init CAD model plugin
2026-03-04 00:27:11,586 [INFO] PluginManage:359 - Loaded plugin cadmodel (category:power,tabindex:5)
2026-03-04 00:27:11,586 [INFO] PluginManage:310 - Check plugin clock
2026-03-04 00:27:11,593 [INFO] PluginManage:359 - Loaded plugin clock (category:base,tabindex:2)
2026-03-04 00:27:11,593 [INFO] PluginManage:310 - Check plugin ddr
2026-03-04 00:27:11,595 [INFO] PluginManage:359 - Loaded plugin ddr (category:tool,tabindex:6)
2026-03-04 00:27:11,595 [INFO] PluginManage:310 - Check plugin filemanager
2026-03-04 00:27:11,725 [INFO] PluginManage:359 - Loaded plugin filemanager (category:base,tabindex:10)
2026-03-04 00:27:11,725 [INFO] PluginManage:310 - Check plugin ipmanager
2026-03-04 00:27:11,730 [INFO] PluginManage:359 - Loaded plugin ipmanager (category:base,tabindex:5)
2026-03-04 00:27:11,731 [INFO] PluginManage:310 - Check plugin lpbam
2026-03-04 00:27:11,737 [INFO] PluginManage:359 - Loaded plugin lpbam (category:base,tabindex:0)
2026-03-04 00:27:11,737 [INFO] PluginManage:310 - Check plugin memorymap
2026-03-04 00:27:11,746 [INFO] PluginManage:359 - Loaded plugin memorymap (category:base,tabindex:4)
2026-03-04 00:27:11,746 [INFO] PluginManage:310 - Check plugin pinoutandconfiguration
2026-03-04 00:27:11,752 [INFO] PluginManage:359 - Loaded plugin pinoutandconfiguration (category:base,tabindex:1)
2026-03-04 00:27:11,752 [INFO] PluginManage:310 - Check plugin pinoutconfig
2026-03-04 00:27:11,821 [WARN] SupportedApi:132 - Cannot load RTOS API schema: s4s-elt-must-match.1: The content of 'definitions' must match (annotation?, (simpleType | complexType)?, (unique | key | keyref)*)). A problem was found starting at: attribute.
2026-03-04 00:27:11,919 [INFO] PluginManage:359 - Loaded plugin pinoutconfig (category:base,tabindex:0)
2026-03-04 00:27:11,919 [INFO] PluginManage:310 - Check plugin power
2026-03-04 00:27:11,924 [INFO] PluginManage:359 - Loaded plugin power (category:power,tabindex:4)
2026-03-04 00:27:11,924 [INFO] PluginManage:310 - Check plugin projectmanager
2026-03-04 00:27:11,937 [INFO] PluginManage:359 - Loaded plugin projectmanager (category:projectmanager,tabindex:4)
2026-03-04 00:27:11,937 [INFO] PluginManage:310 - Check plugin rif
2026-03-04 00:27:11,942 [INFO] PluginManage:359 - Loaded plugin rif (category:base,tabindex:3)
2026-03-04 00:27:11,942 [INFO] PluginManage:310 - Check plugin thirdparty
2026-03-04 00:27:12,038 [INFO] PluginManage:359 - Loaded plugin thirdparty (category:base,tabindex:-1)
2026-03-04 00:27:12,038 [WARN] IntegrityCheckThread:84 - waiting for thirdparty lock release [integrity check]
2026-03-04 00:27:12,038 [INFO] PluginManage:310 - Check plugin tools
2026-03-04 00:27:12,038 [INFO] IntegrityCheckThread:86 - entering critical section [integrity check]
2026-03-04 00:27:12,038 [INFO] ThirdPartyUpdaterWithRetryManager:70 - Updater plugin not ready yet. [1/15]
2026-03-04 00:27:12,041 [INFO] PluginManage:359 - Loaded plugin tools (category:base,tabindex:7)
2026-03-04 00:27:12,041 [INFO] PluginManage:310 - Check plugin tutovideos
2026-03-04 00:27:12,192 [INFO] PluginManage:359 - Loaded plugin tutovideos (category:base,tabindex:-1)
2026-03-04 00:27:12,192 [INFO] PluginManage:310 - Check plugin updater
2026-03-04 00:27:12,208 [INFO] PluginManage:359 - Loaded plugin updater (category:base,tabindex:12)
2026-03-04 00:27:12,208 [INFO] PluginManage:310 - Check plugin userauth
2026-03-04 00:27:12,210 [INFO] UserAuth:118 - Init User Auth plugin
2026-03-04 00:27:12,211 [INFO] PluginManage:359 - Loaded plugin userauth (category:base,tabindex:14)
2026-03-04 00:27:12,211 [INFO] PluginManage:283 - PluginManage : Loaded plugins [18]
2026-03-04 00:27:12,371 [INFO] PinOutPanel:1589 - setPackage(No Configuration,No Configuration)
2026-03-04 00:27:12,445 [INFO] CADModel:165 - CPN selected for project level
2026-03-04 00:27:12,445 [INFO] CADModel:114 - Register for checkConnection events
2026-03-04 00:27:12,458 [INFO] IPUIPlugin:80 - create IPUIPlugin
2026-03-04 00:27:12,458 [INFO] PluginManager:220 - loadIPPluginJar : add adc
2026-03-04 00:27:12,461 [INFO] IPUIPlugin:80 - create IPUIPlugin
2026-03-04 00:27:12,461 [INFO] PluginManager:220 - loadIPPluginJar : add aes
2026-03-04 00:27:12,464 [INFO] IPUIPlugin:80 - create IPUIPlugin
2026-03-04 00:27:12,464 [INFO] PluginManager:220 - loadIPPluginJar : add can
2026-03-04 00:27:12,465 [INFO] IPUIPlugin:80 - create IPUIPlugin
2026-03-04 00:27:12,465 [INFO] PluginManager:220 - loadIPPluginJar : add comp
2026-03-04 00:27:12,468 [INFO] IPUIPlugin:80 - create IPUIPlugin
2026-03-04 00:27:12,468 [INFO] PluginManager:220 - loadIPPluginJar : add cryp
2026-03-04 00:27:12,470 [INFO] IPUIPlugin:80 - create IPUIPlugin
2026-03-04 00:27:12,470 [INFO] PluginManager:220 - loadIPPluginJar : add ddr_ctrl_phy
2026-03-04 00:27:12,472 [INFO] IPUIPlugin:80 - create IPUIPlugin
2026-03-04 00:27:12,473 [INFO] PluginManager:220 - loadIPPluginJar : add dfsdm
2026-03-04 00:27:12,476 [INFO] IPUIPlugin:80 - create IPUIPlugin
2026-03-04 00:27:12,477 [INFO] PluginManager:220 - loadIPPluginJar : add dma
2026-03-04 00:27:12,479 [INFO] IPUIPlugin:80 - create IPUIPlugin
2026-03-04 00:27:12,479 [INFO] PluginManager:220 - loadIPPluginJar : add dma3
2026-03-04 00:27:12,482 [INFO] IPUIPlugin:80 - create IPUIPlugin
2026-03-04 00:27:12,482 [INFO] PluginManager:220 - loadIPPluginJar : add extmemmanager
2026-03-04 00:27:12,483 [INFO] IPUIPlugin:80 - create IPUIPlugin
2026-03-04 00:27:12,483 [INFO] PluginManager:220 - loadIPPluginJar : add fatfs
2026-03-04 00:27:12,487 [INFO] IPUIPlugin:80 - create IPUIPlugin
2026-03-04 00:27:12,487 [INFO] PluginManager:220 - loadIPPluginJar : add fmc
2026-03-04 00:27:12,493 [INFO] IPUIPlugin:80 - create IPUIPlugin
2026-03-04 00:27:12,493 [INFO] PluginManager:220 - loadIPPluginJar : add freertos
2026-03-04 00:27:12,495 [INFO] IPUIPlugin:80 - create IPUIPlugin
2026-03-04 00:27:12,495 [INFO] PluginManager:220 - loadIPPluginJar : add genericplugin
2026-03-04 00:27:12,497 [INFO] IPUIPlugin:80 - create IPUIPlugin
2026-03-04 00:27:12,497 [INFO] PluginManager:220 - loadIPPluginJar : add gfxmmu
2026-03-04 00:27:12,502 [INFO] IPUIPlugin:80 - create IPUIPlugin
2026-03-04 00:27:12,502 [INFO] PluginManager:220 - loadIPPluginJar : add gic
2026-03-04 00:27:12,505 [INFO] IPUIPlugin:80 - create IPUIPlugin
2026-03-04 00:27:12,505 [INFO] PluginManager:220 - loadIPPluginJar : add gpio
2026-03-04 00:27:12,508 [INFO] IPUIPlugin:80 - create IPUIPlugin
2026-03-04 00:27:12,508 [INFO] PluginManager:220 - loadIPPluginJar : add gtzc
2026-03-04 00:27:12,511 [INFO] IPUIPlugin:80 - create IPUIPlugin
2026-03-04 00:27:12,511 [INFO] PluginManager:220 - loadIPPluginJar : add hash
2026-03-04 00:27:12,514 [INFO] IPUIPlugin:80 - create IPUIPlugin
2026-03-04 00:27:12,514 [INFO] PluginManager:220 - loadIPPluginJar : add i2c
2026-03-04 00:27:12,515 [INFO] IPUIPlugin:80 - create IPUIPlugin
2026-03-04 00:27:12,515 [INFO] PluginManager:220 - loadIPPluginJar : add i2s
2026-03-04 00:27:12,520 [INFO] IPUIPlugin:80 - create IPUIPlugin
2026-03-04 00:27:12,520 [INFO] PluginManager:220 - loadIPPluginJar : add i3c
2026-03-04 00:27:12,523 [INFO] IPUIPlugin:80 - create IPUIPlugin
2026-03-04 00:27:12,523 [INFO] PluginManager:220 - loadIPPluginJar : add ipddr
2026-03-04 00:27:12,528 [INFO] IPUIPlugin:80 - create IPUIPlugin
2026-03-04 00:27:12,529 [INFO] PluginManager:220 - loadIPPluginJar : add linkedlist
2026-03-04 00:27:12,532 [INFO] IPUIPlugin:80 - create IPUIPlugin
2026-03-04 00:27:12,532 [INFO] PluginManager:220 - loadIPPluginJar : add lorawan
2026-03-04 00:27:12,533 [INFO] IPUIPlugin:80 - create IPUIPlugin
2026-03-04 00:27:12,533 [INFO] PluginManager:220 - loadIPPluginJar : add ltdc
2026-03-04 00:27:12,539 [INFO] IPUIPlugin:80 - create IPUIPlugin
2026-03-04 00:27:12,539 [INFO] PluginManager:220 - loadIPPluginJar : add mdma
2026-03-04 00:27:12,543 [INFO] IPUIPlugin:80 - create IPUIPlugin
2026-03-04 00:27:12,543 [INFO] PluginManager:220 - loadIPPluginJar : add nvic
2026-03-04 00:27:12,545 [INFO] IPUIPlugin:80 - create IPUIPlugin
2026-03-04 00:27:12,545 [INFO] PluginManager:220 - loadIPPluginJar : add opamp
2026-03-04 00:27:12,548 [INFO] IPUIPlugin:80 - create IPUIPlugin
2026-03-04 00:27:12,548 [INFO] PluginManager:220 - loadIPPluginJar : add openamp
2026-03-04 00:27:12,552 [INFO] IPUIPlugin:80 - create IPUIPlugin
2026-03-04 00:27:12,553 [INFO] PluginManager:220 - loadIPPluginJar : add pdm2pcm
2026-03-04 00:27:12,559 [INFO] IPUIPlugin:80 - create IPUIPlugin
2026-03-04 00:27:12,561 [INFO] PluginManager:220 - loadIPPluginJar : add plateformsettings
2026-03-04 00:27:12,562 [INFO] IPUIPlugin:80 - create IPUIPlugin
2026-03-04 00:27:12,562 [INFO] PluginManager:220 - loadIPPluginJar : add quadspi
2026-03-04 00:27:12,565 [INFO] IPUIPlugin:80 - create IPUIPlugin
2026-03-04 00:27:12,565 [INFO] PluginManager:220 - loadIPPluginJar : add radio
2026-03-04 00:27:12,568 [INFO] IPUIPlugin:80 - create IPUIPlugin
2026-03-04 00:27:12,568 [INFO] PluginManager:220 - loadIPPluginJar : add resmgrutility
2026-03-04 00:27:12,571 [INFO] IPUIPlugin:80 - create IPUIPlugin
2026-03-04 00:27:12,571 [INFO] PluginManager:220 - loadIPPluginJar : add sai
2026-03-04 00:27:12,574 [INFO] IPUIPlugin:80 - create IPUIPlugin
2026-03-04 00:27:12,575 [INFO] PluginManager:220 - loadIPPluginJar : add spi
2026-03-04 00:27:12,581 [INFO] IPUIPlugin:80 - create IPUIPlugin
2026-03-04 00:27:12,581 [INFO] PluginManager:220 - loadIPPluginJar : add stm32_wpan
2026-03-04 00:27:12,582 [INFO] IPUIPlugin:80 - create IPUIPlugin
2026-03-04 00:27:12,582 [INFO] PluginManager:220 - loadIPPluginJar : add tim
2026-03-04 00:27:12,585 [INFO] IPUIPlugin:80 - create IPUIPlugin
2026-03-04 00:27:12,585 [INFO] PluginManager:220 - loadIPPluginJar : add touchsensing
2026-03-04 00:27:12,587 [INFO] IPUIPlugin:80 - create IPUIPlugin
2026-03-04 00:27:12,587 [INFO] PluginManager:220 - loadIPPluginJar : add tracer_emb
2026-03-04 00:27:12,589 [INFO] IPUIPlugin:80 - create IPUIPlugin
2026-03-04 00:27:12,589 [INFO] PluginManager:220 - loadIPPluginJar : add ts
2026-03-04 00:27:12,590 [INFO] IPUIPlugin:80 - create IPUIPlugin
2026-03-04 00:27:12,590 [INFO] PluginManager:220 - loadIPPluginJar : add tsc
2026-03-04 00:27:12,591 [INFO] IPUIPlugin:80 - create IPUIPlugin
2026-03-04 00:27:12,592 [INFO] PluginManager:220 - loadIPPluginJar : add ucpd
2026-03-04 00:27:12,593 [INFO] IPUIPlugin:80 - create IPUIPlugin
2026-03-04 00:27:12,593 [INFO] PluginManager:220 - loadIPPluginJar : add usart
2026-03-04 00:27:12,597 [INFO] IPUIPlugin:80 - create IPUIPlugin
2026-03-04 00:27:12,597 [INFO] PluginManager:220 - loadIPPluginJar : add usbx
2026-03-04 00:27:12,719 [FATAL] Updater:351 - Updater called before beeing initialized
2026-03-04 00:27:12,741 [INFO] RulesReader:64 - Compatibility file has been processed (317 Rules)
2026-03-04 00:27:12,749 [INFO] RulesReader:64 - Compatibility file has been processed (317 Rules)
2026-03-04 00:27:12,757 [INFO] CADModel:165 - CPN selected for project level
2026-03-04 00:27:12,757 [INFO] CADModel:114 - Register for checkConnection events
2026-03-04 00:27:12,758 [FATAL] Updater:351 - Updater called before beeing initialized
2026-03-04 00:27:12,758 [ERROR] CADModel:125 - Updater not yet initialized, retry later 
2026-03-04 00:27:12,893 [FATAL] Updater:351 - Updater called before beeing initialized
2026-03-04 00:27:12,895 [INFO] CADModel:165 - CPN selected for project level
2026-03-04 00:27:12,895 [INFO] CADModel:114 - Register for checkConnection events
2026-03-04 00:27:12,895 [FATAL] Updater:351 - Updater called before beeing initialized
2026-03-04 00:27:12,895 [ERROR] CADModel:125 - Updater not yet initialized, retry later 
2026-03-04 00:27:12,897 [FATAL] Updater:351 - Updater called before beeing initialized
2026-03-04 00:27:12,978 [FATAL] Updater:351 - Updater called before beeing initialized
2026-03-04 00:27:12,987 [INFO] DbMcusAds:53 - JSON generation date=Tue Feb 10 14:16:36 EET 2026 (1770725796257)
2026-03-04 00:27:12,987 [FATAL] Updater:351 - Updater called before beeing initialized
2026-03-04 00:27:13,013 [WARN] DetailPanel:346 - Failed to get advertising image, set to default
2026-03-04 00:27:13,081 [FATAL] Updater:351 - Updater called before beeing initialized
2026-03-04 00:27:13,082 [FATAL] Updater:351 - Updater called before beeing initialized
2026-03-04 00:27:13,082 [FATAL] Updater:351 - Updater called before beeing initialized
2026-03-04 00:27:13,082 [WARN] DetailPanel:346 - Failed to get advertising image, set to default
2026-03-04 00:27:13,084 [FATAL] Updater:351 - Updater called before beeing initialized
2026-03-04 00:27:13,117 [ERROR] Updater:1198 - MainUpdater not yet initialized. External WinMGr cannot be set.
2026-03-04 00:27:13,119 [INFO] Updater:1134 - Updater Version found : 6.15.0
2026-03-04 00:27:13,132 [INFO] ApplicationProperties:184 - Using Application install path: C:\ST\STM32CubeIDE_1.19.0\STM32CubeIDE\plugins\com.st.stm32cube.common.mx_6.15.0.202507011659
2026-03-04 00:27:13,590 [INFO] MainUpdater:2872 - connection check result : 10
2026-03-04 00:27:13,591 [INFO] MainUpdater:289 - Updater Check For Update Now.
2026-03-04 00:27:13,591 [INFO] MicroXplorer:498 - Change Database Version : DB.6.0.150
2026-03-04 00:27:13,597 [INFO] McuFinderGlobals:63 - Set McuFinder mode to 2 (CubeIDE integrated)
2026-03-04 00:27:13,597 [INFO] UserAuth:487 - Internet connection configuration mode: 1
2026-03-04 00:27:13,620 [INFO] JxBrowserEngine:152 - Initiate JxBrowser Engine with user profile folder
2026-03-04 00:27:13,760 [INFO] CheckServerUpdateThread:120 - End of CheckServer Thread
2026-03-04 00:27:14,202 [INFO] WebApp:169 - Instantiating new browser for Auth
2026-03-04 00:27:14,813 [INFO] WebApp:463 - Apply proxy settings
2026-03-04 00:27:14,814 [INFO] WebApp:548 - Chromium requires no authentication
2026-03-04 00:27:14,820 [INFO] WebApp:491 - Direct internet connection detected
2026-03-04 00:27:14,840 [INFO] WebApp:900 - Register for checkConnection events
2026-03-04 00:27:14,842 [INFO] WebApp:463 - Apply proxy settings
2026-03-04 00:27:14,842 [INFO] WebApp:548 - Chromium requires no authentication
2026-03-04 00:27:14,843 [INFO] WebApp:491 - Direct internet connection detected
2026-03-04 00:27:14,966 [INFO] WebApp:225 - Starting web application
2026-03-04 00:27:14,966 [INFO] WebApp:593 - Web application path used C:\ST\STM32CubeIDE_1.19.0\STM32CubeIDE\plugins\com.st.stm32cube.common.mx_6.15.0.202507011659\db\plugins\mcufinder\reactClient1\index.html
2026-03-04 00:27:15,030 [INFO] UserAuth:487 - Internet connection configuration mode: 1
2026-03-04 00:27:15,109 [ERROR] LogOutputStream:75 - [STDERR_REDIRECT] [Fatal Error] :1:1: Premature end of file.
2026-03-04 00:27:15,109 [ERROR] LogOutputStream:75 - [STDERR_REDIRECT] 
2026-03-04 00:27:15,133 [INFO] WebApp:191 - Connection restablished
2026-03-04 00:27:15,264 [WARN] PackLoader:240 - Cannot read IP mode file for STMicroelectronics.FP-ATR-ASTRA1.2.0.2
2026-03-04 00:27:15,276 [WARN] PackLoader:240 - Cannot read IP mode file for STMicroelectronics.X-CUBE-SMBUS.2.1.0
2026-03-04 00:27:15,306 [WARN] PackLoader:240 - Cannot read IP mode file for STMicroelectronics.X-CUBE-AZRTOS-F7.1.1.0
2026-03-04 00:27:15,317 [WARN] PackLoader:240 - Cannot read IP mode file for STMicroelectronics.FP-SNS-MOTENV1.5.1.0
2026-03-04 00:27:15,335 [WARN] PackLoader:240 - Cannot read IP mode file for WES.I-CUBE-Cesium.1.4.0
2026-03-04 00:27:15,373 [WARN] PackLoader:240 - Cannot read IP mode file for STMicroelectronics.X-CUBE-AZRTOS-H7.3.4.0
2026-03-04 00:27:15,389 [WARN] PackLoader:240 - Cannot read IP mode file for STMicroelectronics.X-CUBE-DISPLAY.3.0.0
2026-03-04 00:27:15,401 [WARN] PackLoader:240 - Cannot read IP mode file for STMicroelectronics.FP-SNS-MOTENVWB1.1.5.0
2026-03-04 00:27:15,414 [WARN] PackLoader:240 - Cannot read IP mode file for STMicroelectronics.X-CUBE-NFC10.1.0.0
2026-03-04 00:27:15,423 [WARN] PackLoader:240 - Cannot read IP mode file for STMicroelectronics.X-CUBE-ST60.1.1.0
2026-03-04 00:27:15,431 [WARN] PackLoader:240 - Cannot read IP mode file for emotas.I-CUBE-CANOPEN.1.3.0
2026-03-04 00:27:15,436 [WARN] PackLoader:240 - Cannot read IP mode file for STMicroelectronics.X-CUBE-GNSS1.7.1.0
2026-03-04 00:27:15,445 [WARN] PackLoader:240 - Cannot read IP mode file for STMicroelectronics.FP-SNS-STBOX1.2.1.0
2026-03-04 00:27:15,455 [WARN] PackLoader:240 - Cannot read IP mode file for STMicroelectronics.FP-SNS-SMARTAG2.1.2.0
2026-03-04 00:27:15,462 [WARN] PackLoader:240 - Cannot read IP mode file for STMicroelectronics.FP-SNS-FLIGHT1.5.1.0
2026-03-04 00:27:15,473 [INFO] LogOutputStream:77 - [STDOUT_REDIRECT] 1 : Invalid condition id : UX_CORESTACK_Condition cause : null
2026-03-04 00:27:15,474 [INFO] LogOutputStream:77 - [STDOUT_REDIRECT] 1 : Invalid condition id : UX_CORESTACK_Condition cause : null
2026-03-04 00:27:15,477 [INFO] LogOutputStream:77 - [STDOUT_REDIRECT] 1 : Invalid condition id : UX_CORESTACK_Condition cause : null
2026-03-04 00:27:15,479 [INFO] LogOutputStream:77 - [STDOUT_REDIRECT] 1 : Invalid condition id : UX_CORESTACK_Condition cause : null
2026-03-04 00:27:15,481 [INFO] LogOutputStream:77 - [STDOUT_REDIRECT] 1 : Invalid condition id : UX_CORESTACK_Condition cause : null
2026-03-04 00:27:15,483 [WARN] PackLoader:240 - Cannot read IP mode file for STMicroelectronics.X-CUBE-AZRTOS-WL.2.0.0
2026-03-04 00:27:15,507 [WARN] PackLoader:240 - Cannot read IP mode file for STMicroelectronics.X-CUBE-AZRTOS-H7RS.1.2.0
2026-03-04 00:27:15,526 [WARN] PackLoader:240 - Cannot read IP mode file for STMicroelectronics.X-CUBE-BLE2.3.3.0
2026-03-04 00:27:15,610 [WARN] PackLoader:240 - Cannot read IP mode file for Infineon.AIROC-Wi-Fi-Bluetooth-STM32.1.8.0
2026-03-04 00:27:15,623 [WARN] PackLoader:240 - Cannot read IP mode file for STMicroelectronics.X-CUBE-NFC9.1.0.0
2026-03-04 00:27:15,631 [WARN] PackLoader:240 - Cannot read IP mode file for STMicroelectronics.X-CUBE-BLE1.7.1.0
2026-03-04 00:27:15,639 [WARN] PackLoader:240 - Cannot read IP mode file for wolfSSL.I-CUBE-wolfMQTT.1.19.2
2026-03-04 00:27:15,647 [WARN] PackLoader:240 - Cannot read IP mode file for STMicroelectronics.X-CUBE-FREERTOS.1.4.0
2026-03-04 00:27:15,656 [WARN] PackLoader:240 - Cannot read IP mode file for STMicroelectronics.X-CUBE-EEPRMA1.5.2.0
2026-03-04 00:27:15,662 [WARN] PackLoader:240 - Cannot read IP mode file for wolfSSL.I-CUBE-wolfSSL.5.8.4
2026-03-04 00:27:15,669 [WARN] PackLoader:240 - Cannot read IP mode file for Cesanta.I-CUBE-Mongoose.7.20.0
2026-03-04 00:27:15,710 [WARN] PackLoader:240 - Cannot read IP mode file for STMicroelectronics.X-CUBE-MEMS1.12.0.0
2026-03-04 00:27:15,789 [WARN] PackLoader:240 - Cannot read IP mode file for STMicroelectronics.X-CUBE-AZRTOS-G0.1.1.0
2026-03-04 00:27:15,795 [WARN] PackLoader:240 - Cannot read IP mode file for STMicroelectronics.X-CUBE-NFC4.3.0.0
2026-03-04 00:27:15,802 [WARN] PackLoader:240 - Cannot read IP mode file for EmbeddedOffice.I-CUBE-FS-RTOS.1.0.1
2026-03-04 00:27:15,806 [WARN] PackLoader:240 - Cannot read IP mode file for STMicroelectronics.X-CUBE-WB05N.2.0.0
2026-03-04 00:27:15,810 [WARN] PackLoader:240 - Cannot read IP mode file for wolfSSL.I-CUBE-wolfTPM.3.8.0
2026-03-04 00:27:15,815 [WARN] PackLoader:240 - Cannot read IP mode file for STMicroelectronics.X-CUBE-TCPP.4.2.0
2026-03-04 00:27:15,820 [WARN] PackLoader:240 - Cannot read IP mode file for RealThread.X-CUBE-RT-Thread_Nano.4.1.1
2026-03-04 00:27:15,830 [WARN] PackLoader:240 - Cannot read IP mode file for STMicroelectronics.FP-ATR-SIGFOX1.3.2.0
2026-03-04 00:27:15,839 [WARN] PackLoader:240 - Cannot read IP mode file for ITTIA_DB.I-CUBE-ITTIADB.8.9.0
2026-03-04 00:27:15,848 [WARN] PackLoader:240 - Cannot read IP mode file for STMicroelectronics.X-CUBE-NFC6.3.2.0
2026-03-04 00:27:15,857 [WARN] PackLoader:240 - Cannot read IP mode file for STMicroelectronics.X-CUBE-AI.10.2.0
2026-03-04 00:27:15,909 [WARN] PackLoader:240 - Cannot read IP mode file for SEGGER.I-CUBE-embOS.1.3.1
2026-03-04 00:27:15,950 [WARN] PackLoader:240 - Cannot read IP mode file for STMicroelectronics.X-CUBE-ALGOBUILD.1.4.0
2026-03-04 00:27:15,957 [WARN] PackLoader:240 - Cannot read IP mode file for STMicroelectronics.X-CUBE-PM33A1.1.0.0
2026-03-04 00:27:15,974 [WARN] PackLoader:240 - Cannot read IP mode file for STMicroelectronics.X-CUBE-AZRTOS-F4.1.1.0
2026-03-04 00:27:15,981 [WARN] PackLoader:240 - Cannot read IP mode file for STMicroelectronics.X-CUBE-ISPU.2.1.0
2026-03-04 00:27:15,995 [WARN] PackLoader:240 - Cannot read IP mode file for STMicroelectronics.X-CUBE-IPS.3.2.0
2026-03-04 00:27:16,006 [WARN] PackLoader:240 - Cannot read IP mode file for STMicroelectronics.X-CUBE-NFC12.1.0.0
2026-03-04 00:27:16,020 [WARN] PackLoader:240 - Cannot read IP mode file for STMicroelectronics.X-CUBE-AZRTOS-L5.2.0.0
2026-03-04 00:27:16,027 [WARN] PackLoader:240 - Cannot read IP mode file for STMicroelectronics.X-CUBE-TOUCHGFX.4.26.0
2026-03-04 00:27:16,031 [WARN] PackLoader:240 - Cannot read IP mode file for STMicroelectronics.FP-SNS-STAIOTCFT.1.0.0
2026-03-04 00:27:16,037 [WARN] PackLoader:240 - Cannot read IP mode file for STMicroelectronics.X-CUBE-DPower.1.3.0
2026-03-04 00:27:16,048 [WARN] ConditionMgr:438 - getConditionDescription Invalid condition id : LAN8742 Phy interface Condition cause : null
2026-03-04 00:27:16,049 [WARN] PackLoader:240 - Cannot read IP mode file for STMicroelectronics.X-CUBE-AZRTOS-L4.2.0.0
2026-03-04 00:27:16,050 [WARN] ConditionMgr:1044 - genDependencies : Invalid condition id : LAN8742 Phy interface Condition cause : null
2026-03-04 00:27:16,050 [WARN] ConditionMgr:1044 - genDependencies : Invalid condition id : LAN8742 Phy interface Condition cause : null
2026-03-04 00:27:16,050 [WARN] ConditionMgr:1044 - genDependencies : Invalid condition id : LAN8742 Phy interface Condition cause : null
2026-03-04 00:27:16,057 [WARN] PackLoader:240 - Cannot read IP mode file for STMicroelectronics.X-CUBE-SFXS2LP1.4.0.0
2026-03-04 00:27:16,062 [WARN] PackLoader:240 - Cannot read IP mode file for STMicroelectronics.X-CUBE-ST67W61.1.2.0
2026-03-04 00:27:16,070 [WARN] PackLoader:240 - Cannot read IP mode file for STMicroelectronics.X-CUBE-BLEMGR.4.1.0
2026-03-04 00:27:16,081 [WARN] ConditionMgr:438 - getConditionDescription Invalid condition id : UX DEVICE CLASS RTOS Condition cause : null
2026-03-04 00:27:16,081 [WARN] ConditionMgr:438 - getConditionDescription Invalid condition id : UX DEVICE CLASS RTOS Condition cause : null
2026-03-04 00:27:16,082 [WARN] PackLoader:240 - Cannot read IP mode file for STMicroelectronics.X-CUBE-AZRTOS-WB.2.0.0
2026-03-04 00:27:16,082 [WARN] ConditionMgr:1044 - genDependencies : Invalid condition id : UX DEVICE CLASS RTOS Condition cause : null
2026-03-04 00:27:16,082 [WARN] ConditionMgr:1044 - genDependencies : Invalid condition id : UX DEVICE CLASS RTOS Condition cause : null
2026-03-04 00:27:16,083 [WARN] ConditionMgr:1044 - genDependencies : Invalid condition id : UX DEVICE CLASS RTOS Condition cause : null
2026-03-04 00:27:16,083 [WARN] ConditionMgr:1044 - genDependencies : Invalid condition id : UX DEVICE CLASS RTOS Condition cause : null
2026-03-04 00:27:16,083 [WARN] ConditionMgr:1044 - genDependencies : Invalid condition id : UX DEVICE CLASS RTOS Condition cause : null
2026-03-04 00:27:16,086 [WARN] ConditionMgr:438 - getConditionDescription Invalid condition id : Cortex-A Device cause : null
2026-03-04 00:27:16,091 [ERROR] LogOutputStream:75 - [STDERR_REDIRECT] [Fatal Error] :1:1: Premature end of file.
2026-03-04 00:27:16,093 [ERROR] LogOutputStream:75 - [STDERR_REDIRECT] 
2026-03-04 00:27:16,096 [WARN] ConditionMgr:1044 - genDependencies : Invalid condition id : Cortex-A Device cause : null
2026-03-04 00:27:16,096 [WARN] ConditionMgr:1044 - genDependencies : Invalid condition id : Cortex-A Device cause : null
2026-03-04 00:27:16,096 [WARN] ConditionMgr:1044 - genDependencies : Invalid condition id : Cortex-A Device cause : null
2026-03-04 00:27:16,109 [WARN] PackLoader:240 - Cannot read IP mode file for STMicroelectronics.X-CUBE-STSE01.2.0.0
2026-03-04 00:27:16,121 [WARN] PackLoader:240 - Cannot read IP mode file for STMicroelectronics.X-CUBE-SUBG2.5.0.0
2026-03-04 00:27:16,134 [WARN] PackLoader:240 - Cannot read IP mode file for STMicroelectronics.X-CUBE-AZRTOS-G4.2.0.0
2026-03-04 00:27:16,141 [WARN] PackLoader:240 - Cannot read IP mode file for wolfSSL.I-CUBE-wolfSSH.1.4.20
2026-03-04 00:27:16,146 [WARN] PackLoader:240 - Cannot read IP mode file for STMicroelectronics.X-CUBE-NFC7.2.0.0
2026-03-04 00:27:16,151 [WARN] PackLoader:240 - Cannot read IP mode file for STMicroelectronics.X-CUBE-ALS.1.0.2
2026-03-04 00:27:16,161 [WARN] PackLoader:240 - Cannot read IP mode file for STMicroelectronics.X-CUBE-TOF1.3.4.3
2026-03-04 00:27:16,169 [INFO] ThirdParty:978 - Integrity check success = true
2026-03-04 00:27:16,169 [INFO] IntegrityCheckThread:100 - exiting critical section [integrity check]
2026-03-04 00:27:16,169 [INFO] IntegrityCheckThread:103 - End integrity checks thread
2026-03-04 00:27:17,083 [ERROR] LogOutputStream:75 - [STDERR_REDIRECT] [Fatal Error] :1:1: Premature end of file.
2026-03-04 00:27:17,083 [ERROR] LogOutputStream:75 - [STDERR_REDIRECT] 
2026-03-04 00:27:18,081 [ERROR] LogOutputStream:75 - [STDERR_REDIRECT] [Fatal Error] :1:1: Premature end of file.
2026-03-04 00:27:18,081 [ERROR] LogOutputStream:75 - [STDERR_REDIRECT] 
2026-03-04 00:27:19,084 [ERROR] LogOutputStream:75 - [STDERR_REDIRECT] [Fatal Error] :1:1: Premature end of file.
2026-03-04 00:27:19,084 [ERROR] LogOutputStream:75 - [STDERR_REDIRECT] 
2026-03-04 00:27:20,082 [ERROR] LogOutputStream:75 - [STDERR_REDIRECT] [Fatal Error] :1:1: Premature end of file.
2026-03-04 00:27:20,082 [ERROR] LogOutputStream:75 - [STDERR_REDIRECT] 
2026-03-04 00:27:21,083 [ERROR] LogOutputStream:75 - [STDERR_REDIRECT] [Fatal Error] :1:1: Premature end of file.
2026-03-04 00:27:21,083 [ERROR] LogOutputStream:75 - [STDERR_REDIRECT] 
2026-03-04 00:27:22,083 [ERROR] LogOutputStream:75 - [STDERR_REDIRECT] [Fatal Error] :1:1: Premature end of file.
2026-03-04 00:27:22,084 [ERROR] LogOutputStream:75 - [STDERR_REDIRECT] 
2026-03-04 00:27:23,083 [ERROR] LogOutputStream:75 - [STDERR_REDIRECT] [Fatal Error] :1:1: Premature end of file.
2026-03-04 00:27:23,084 [ERROR] LogOutputStream:75 - [STDERR_REDIRECT] 
2026-03-04 00:27:24,083 [ERROR] LogOutputStream:75 - [STDERR_REDIRECT] [Fatal Error] :1:1: Premature end of file.
2026-03-04 00:27:24,083 [ERROR] LogOutputStream:75 - [STDERR_REDIRECT] 
2026-03-04 00:27:25,084 [ERROR] LogOutputStream:75 - [STDERR_REDIRECT] [Fatal Error] :1:1: Premature end of file.
2026-03-04 00:27:25,084 [ERROR] LogOutputStream:75 - [STDERR_REDIRECT] 
2026-03-04 00:27:26,083 [ERROR] LogOutputStream:75 - [STDERR_REDIRECT] [Fatal Error] :1:1: Premature end of file.
2026-03-04 00:27:26,083 [ERROR] LogOutputStream:75 - [STDERR_REDIRECT] 
2026-03-04 00:27:27,082 [ERROR] LogOutputStream:75 - [STDERR_REDIRECT] [Fatal Error] :1:1: Premature end of file.
2026-03-04 00:27:27,082 [ERROR] LogOutputStream:75 - [STDERR_REDIRECT] 
2026-03-04 00:27:28,084 [ERROR] LogOutputStream:75 - [STDERR_REDIRECT] [Fatal Error] :1:1: Premature end of file.
2026-03-04 00:27:28,084 [ERROR] LogOutputStream:75 - [STDERR_REDIRECT] 
2026-03-04 00:27:29,084 [ERROR] LogOutputStream:75 - [STDERR_REDIRECT] [Fatal Error] :1:1: Premature end of file.
2026-03-04 00:27:29,084 [ERROR] LogOutputStream:75 - [STDERR_REDIRECT] 
2026-03-04 00:27:30,085 [ERROR] LogOutputStream:75 - [STDERR_REDIRECT] [Fatal Error] :1:1: Premature end of file.
2026-03-04 00:27:30,085 [ERROR] LogOutputStream:75 - [STDERR_REDIRECT] 
2026-03-04 00:27:31,082 [ERROR] LogOutputStream:75 - [STDERR_REDIRECT] [Fatal Error] :1:1: Premature end of file.
2026-03-04 00:27:31,082 [ERROR] LogOutputStream:75 - [STDERR_REDIRECT] 
2026-03-04 00:27:32,084 [ERROR] LogOutputStream:75 - [STDERR_REDIRECT] [Fatal Error] :1:1: Premature end of file.
2026-03-04 00:27:32,084 [ERROR] LogOutputStream:75 - [STDERR_REDIRECT] 
2026-03-04 00:27:33,082 [ERROR] LogOutputStream:75 - [STDERR_REDIRECT] [Fatal Error] :1:1: Premature end of file.
2026-03-04 00:27:33,082 [ERROR] LogOutputStream:75 - [STDERR_REDIRECT] 
2026-03-04 00:27:34,084 [ERROR] LogOutputStream:75 - [STDERR_REDIRECT] [Fatal Error] :1:1: Premature end of file.
2026-03-04 00:27:34,084 [ERROR] LogOutputStream:75 - [STDERR_REDIRECT] 
2026-03-04 00:27:35,081 [ERROR] LogOutputStream:75 - [STDERR_REDIRECT] [Fatal Error] :1:1: Premature end of file.
2026-03-04 00:27:35,082 [ERROR] LogOutputStream:75 - [STDERR_REDIRECT] 
2026-03-04 00:27:36,082 [ERROR] LogOutputStream:75 - [STDERR_REDIRECT] [Fatal Error] :1:1: Premature end of file.
2026-03-04 00:27:36,082 [ERROR] LogOutputStream:75 - [STDERR_REDIRECT] 
2026-03-04 00:27:37,085 [ERROR] LogOutputStream:75 - [STDERR_REDIRECT] [Fatal Error] :1:1: Premature end of file.
2026-03-04 00:27:37,085 [ERROR] LogOutputStream:75 - [STDERR_REDIRECT] 
2026-03-04 00:27:38,086 [ERROR] LogOutputStream:75 - [STDERR_REDIRECT] [Fatal Error] :1:1: Premature end of file.
2026-03-04 00:27:38,086 [ERROR] LogOutputStream:75 - [STDERR_REDIRECT] 
2026-03-04 00:27:39,082 [ERROR] LogOutputStream:75 - [STDERR_REDIRECT] [Fatal Error] :1:1: Premature end of file.
2026-03-04 00:27:39,082 [ERROR] LogOutputStream:75 - [STDERR_REDIRECT] 
2026-03-04 00:27:40,083 [ERROR] LogOutputStream:75 - [STDERR_REDIRECT] [Fatal Error] :1:1: Premature end of file.
2026-03-04 00:27:40,084 [ERROR] LogOutputStream:75 - [STDERR_REDIRECT] 
2026-03-04 00:27:41,088 [ERROR] LogOutputStream:75 - [STDERR_REDIRECT] [Fatal Error] :1:1: Premature end of file.
2026-03-04 00:27:41,088 [ERROR] LogOutputStream:75 - [STDERR_REDIRECT] 
2026-03-04 00:27:42,084 [ERROR] LogOutputStream:75 - [STDERR_REDIRECT] [Fatal Error] :1:1: Premature end of file.
2026-03-04 00:27:42,084 [ERROR] LogOutputStream:75 - [STDERR_REDIRECT] 
2026-03-04 00:27:43,082 [ERROR] LogOutputStream:75 - [STDERR_REDIRECT] [Fatal Error] :1:1: Premature end of file.
2026-03-04 00:27:43,082 [ERROR] LogOutputStream:75 - [STDERR_REDIRECT] 
2026-03-04 00:27:44,083 [ERROR] LogOutputStream:75 - [STDERR_REDIRECT] [Fatal Error] :1:1: Premature end of file.
2026-03-04 00:27:44,083 [ERROR] LogOutputStream:75 - [STDERR_REDIRECT] 
2026-03-04 00:27:45,083 [ERROR] LogOutputStream:75 - [STDERR_REDIRECT] [Fatal Error] :1:1: Premature end of file.
2026-03-04 00:27:45,083 [ERROR] LogOutputStream:75 - [STDERR_REDIRECT] 
2026-03-04 00:27:46,091 [ERROR] LogOutputStream:75 - [STDERR_REDIRECT] [Fatal Error] :1:1: Premature end of file.
2026-03-04 00:27:46,091 [ERROR] LogOutputStream:75 - [STDERR_REDIRECT] 
2026-03-04 00:27:47,082 [ERROR] LogOutputStream:75 - [STDERR_REDIRECT] [Fatal Error] :1:1: Premature end of file.
2026-03-04 00:27:47,082 [ERROR] LogOutputStream:75 - [STDERR_REDIRECT] 
2026-03-04 00:27:48,082 [ERROR] LogOutputStream:75 - [STDERR_REDIRECT] [Fatal Error] :1:1: Premature end of file.
2026-03-04 00:27:48,082 [ERROR] LogOutputStream:75 - [STDERR_REDIRECT] 
2026-03-04 00:27:49,083 [ERROR] LogOutputStream:75 - [STDERR_REDIRECT] [Fatal Error] :1:1: Premature end of file.
2026-03-04 00:27:49,083 [ERROR] LogOutputStream:75 - [STDERR_REDIRECT] 
2026-03-04 00:27:50,084 [ERROR] LogOutputStream:75 - [STDERR_REDIRECT] [Fatal Error] :1:1: Premature end of file.
2026-03-04 00:27:50,084 [ERROR] LogOutputStream:75 - [STDERR_REDIRECT] 
2026-03-04 00:27:51,087 [ERROR] LogOutputStream:75 - [STDERR_REDIRECT] [Fatal Error] :1:1: Premature end of file.
2026-03-04 00:27:51,087 [ERROR] LogOutputStream:75 - [STDERR_REDIRECT] 
2026-03-04 00:27:52,097 [ERROR] LogOutputStream:75 - [STDERR_REDIRECT] [Fatal Error] :1:1: Premature end of file.
2026-03-04 00:27:52,098 [ERROR] LogOutputStream:75 - [STDERR_REDIRECT] 
2026-03-04 00:27:53,083 [ERROR] LogOutputStream:75 - [STDERR_REDIRECT] [Fatal Error] :1:1: Premature end of file.
2026-03-04 00:27:53,083 [ERROR] LogOutputStream:75 - [STDERR_REDIRECT] 
2026-03-04 00:27:54,089 [ERROR] LogOutputStream:75 - [STDERR_REDIRECT] [Fatal Error] :1:1: Premature end of file.
2026-03-04 00:27:54,089 [ERROR] LogOutputStream:75 - [STDERR_REDIRECT] 
2026-03-04 00:27:55,085 [ERROR] LogOutputStream:75 - [STDERR_REDIRECT] [Fatal Error] :1:1: Premature end of file.
2026-03-04 00:27:55,085 [ERROR] LogOutputStream:75 - [STDERR_REDIRECT] 
2026-03-04 00:27:56,113 [ERROR] LogOutputStream:75 - [STDERR_REDIRECT] [Fatal Error] :1:1: Premature end of file.
2026-03-04 00:27:56,114 [ERROR] LogOutputStream:75 - [STDERR_REDIRECT] 
2026-03-04 00:27:56,292 [ERROR] LogOutputStream:75 - [STDERR_REDIRECT] 
