2026-03-04 00:28:37,625 [INFO] Activator:176 - 


2026-03-04 00:28:37,627 [INFO] Activator:177 - !SESSION log4j initialized
2026-03-04 00:28:40,154 [INFO] LogOutputStream:77 - [STDOUT_REDIRECT] 
2026-03-04 00:28:41,805 [INFO] ApplicationProperties:184 - Using Application install path: C:\ST\STM32CubeIDE_1.19.0\STM32CubeIDE\plugins\com.st.stm32cube.common.mx_6.15.0.202507011659
2026-03-04 00:28:41,817 [INFO] DbMcusXml:78 - Set database path to: C:\ST\STM32CubeIDE_1.19.0\STM32CubeIDE\plugins\com.st.stm32cube.common.mx_6.15.0.202507011659\\db\/mcu/
2026-03-04 00:28:41,817 [INFO] ApiDb:274 - Set plugin database path to: C:\ST\STM32CubeIDE_1.19.0\STM32CubeIDE\plugins\com.st.stm32cube.common.mx_6.15.0.202507011659\\db\/plugins/boardmanager/
2026-03-04 00:28:41,817 [WARN] ApiDb:259 - Overriding images path with different value:  => C:\ST\STM32CubeIDE_1.19.0\STM32CubeIDE\plugins\com.st.stm32cube.common.mx_6.15.0.202507011659\\db\/plugins/mcufinder/images/
2026-03-04 00:28:41,821 [INFO] ApiDb:250 - Set database path to: C:\Users\abdal\.stmcufinder\plugins\mcufinder//mcu/
2026-03-04 00:28:41,822 [INFO] DbMcusAds:125 - Set database path to: C:\Users\abdal\.stmcufinder\plugins\mcufinder//mcu/
2026-03-04 00:28:41,823 [INFO] CrossReferenceDbSqlite:203 - Set database path to: C:\Users\abdal\.stmcufinder\plugins\mcufinder//mcu/cs/
2026-03-04 00:28:41,908 [INFO] RulesReader:64 - Compatibility file has been processed (317 Rules)
2026-03-04 00:28:41,976 [INFO] DbMcusXml:78 - Set database path to: C:\ST\STM32CubeIDE_1.19.0\STM32CubeIDE\plugins\com.st.stm32cube.common.mx_6.15.0.202507011659\\db\/mcu/
2026-03-04 00:28:41,977 [INFO] ApiDb:274 - Set plugin database path to: C:\ST\STM32CubeIDE_1.19.0\STM32CubeIDE\plugins\com.st.stm32cube.common.mx_6.15.0.202507011659\\db\/plugins/boardmanager/
2026-03-04 00:28:41,977 [INFO] ApiDb:261 - Set plugin images path to: C:\ST\STM32CubeIDE_1.19.0\STM32CubeIDE\plugins\com.st.stm32cube.common.mx_6.15.0.202507011659\\db\/plugins/mcufinder/images/
2026-03-04 00:28:41,977 [WARN] DbFile:41 - Overriding database path with different value: C:\Users\abdal\.stmcufinder\plugins\mcufinder/ => C:\Users\abdal\.stmcufinder\plugins\mcufinder
2026-03-04 00:28:41,977 [INFO] ApiDb:250 - Set database path to: C:\Users\abdal\.stmcufinder\plugins\mcufinder//mcu/
2026-03-04 00:28:41,977 [WARN] DbFile:41 - Overriding database path with different value: C:\Users\abdal\.stmcufinder\plugins\mcufinder/ => C:\Users\abdal\.stmcufinder\plugins\mcufinder
2026-03-04 00:28:41,977 [INFO] DbMcusAds:125 - Set database path to: C:\Users\abdal\.stmcufinder\plugins\mcufinder//mcu/
2026-03-04 00:28:41,977 [WARN] DbFile:41 - Overriding database path with different value: C:\Users\abdal\.stmcufinder\plugins\mcufinder/ => C:\Users\abdal\.stmcufinder\plugins\mcufinder
2026-03-04 00:28:41,977 [WARN] DbFile:41 - Overriding database path with different value: C:\Users\abdal\.stmcufinder\plugins\mcufinder/ => C:\Users\abdal\.stmcufinder\plugins\mcufinder
2026-03-04 00:28:41,977 [INFO] CrossReferenceDbSqlite:203 - Set database path to: C:\Users\abdal\.stmcufinder\plugins\mcufinder//mcu/cs/
2026-03-04 00:28:42,049 [INFO] MainPanel:274 - HeapMemory: 268435456
2026-03-04 00:28:42,110 [INFO] DbMcusXml:78 - Set database path to: C:\ST\STM32CubeIDE_1.19.0\STM32CubeIDE\plugins\com.st.stm32cube.common.mx_6.15.0.202507011659\\db\/mcu/
2026-03-04 00:28:42,111 [INFO] ApiDb:274 - Set plugin database path to: C:\ST\STM32CubeIDE_1.19.0\STM32CubeIDE\plugins\com.st.stm32cube.common.mx_6.15.0.202507011659\\db\/plugins/boardmanager/
2026-03-04 00:28:42,111 [INFO] ApiDb:261 - Set plugin images path to: C:\ST\STM32CubeIDE_1.19.0\STM32CubeIDE\plugins\com.st.stm32cube.common.mx_6.15.0.202507011659\\db\/plugins/mcufinder/images/
2026-03-04 00:28:42,111 [WARN] DbFile:41 - Overriding database path with different value: C:\Users\abdal\.stmcufinder\plugins\mcufinder/ => C:\Users\abdal\.stmcufinder\plugins\mcufinder
2026-03-04 00:28:42,111 [INFO] ApiDb:250 - Set database path to: C:\Users\abdal\.stmcufinder\plugins\mcufinder//mcu/
2026-03-04 00:28:42,111 [WARN] DbFile:41 - Overriding database path with different value: C:\Users\abdal\.stmcufinder\plugins\mcufinder/ => C:\Users\abdal\.stmcufinder\plugins\mcufinder
2026-03-04 00:28:42,111 [INFO] DbMcusAds:125 - Set database path to: C:\Users\abdal\.stmcufinder\plugins\mcufinder//mcu/
2026-03-04 00:28:42,111 [WARN] DbFile:41 - Overriding database path with different value: C:\Users\abdal\.stmcufinder\plugins\mcufinder/ => C:\Users\abdal\.stmcufinder\plugins\mcufinder
2026-03-04 00:28:42,111 [WARN] DbFile:41 - Overriding database path with different value: C:\Users\abdal\.stmcufinder\plugins\mcufinder/ => C:\Users\abdal\.stmcufinder\plugins\mcufinder
2026-03-04 00:28:42,111 [INFO] CrossReferenceDbSqlite:203 - Set database path to: C:\Users\abdal\.stmcufinder\plugins\mcufinder//mcu/cs/
2026-03-04 00:28:42,126 [INFO] ApplicationProperties:184 - Using Application install path: C:\ST\STM32CubeIDE_1.19.0\STM32CubeIDE\plugins\com.st.stm32cube.common.mx_6.15.0.202507011659
2026-03-04 00:28:42,127 [INFO] PluginManage:196 - Search for loadable plugins [exclusion list=, ]
2026-03-04 00:28:42,127 [INFO] PluginManage:310 - Check plugin analytics
2026-03-04 00:28:42,306 [INFO] AnalyticsPlugin:253 - Accepted Software Licenses: 
2026-03-04 00:28:42,306 [INFO] AnalyticsPlugin:255 - Accepted CMSIS Pack Licenses: 
2026-03-04 00:28:42,306 [INFO] AnalyticsPlugin:257 - Accepted Firmware Licenses: FW.F4.1.28.0
2026-03-04 00:28:42,310 [INFO] PluginManage:359 - Loaded plugin analytics (category:tool,tabindex:-1)
2026-03-04 00:28:42,310 [INFO] PluginManage:310 - Check plugin cadmodel
2026-03-04 00:28:42,314 [INFO] CADModel:105 - Init CAD model plugin
2026-03-04 00:28:42,314 [INFO] PluginManage:359 - Loaded plugin cadmodel (category:power,tabindex:5)
2026-03-04 00:28:42,314 [INFO] PluginManage:310 - Check plugin clock
2026-03-04 00:28:42,321 [INFO] PluginManage:359 - Loaded plugin clock (category:base,tabindex:2)
2026-03-04 00:28:42,321 [INFO] PluginManage:310 - Check plugin ddr
2026-03-04 00:28:42,322 [INFO] PluginManage:359 - Loaded plugin ddr (category:tool,tabindex:6)
2026-03-04 00:28:42,322 [INFO] PluginManage:310 - Check plugin filemanager
2026-03-04 00:28:42,450 [INFO] PluginManage:359 - Loaded plugin filemanager (category:base,tabindex:10)
2026-03-04 00:28:42,450 [INFO] PluginManage:310 - Check plugin ipmanager
2026-03-04 00:28:42,457 [INFO] PluginManage:359 - Loaded plugin ipmanager (category:base,tabindex:5)
2026-03-04 00:28:42,458 [INFO] PluginManage:310 - Check plugin lpbam
2026-03-04 00:28:42,463 [INFO] PluginManage:359 - Loaded plugin lpbam (category:base,tabindex:0)
2026-03-04 00:28:42,464 [INFO] PluginManage:310 - Check plugin memorymap
2026-03-04 00:28:42,476 [INFO] PluginManage:359 - Loaded plugin memorymap (category:base,tabindex:4)
2026-03-04 00:28:42,476 [INFO] PluginManage:310 - Check plugin pinoutandconfiguration
2026-03-04 00:28:42,487 [INFO] PluginManage:359 - Loaded plugin pinoutandconfiguration (category:base,tabindex:1)
2026-03-04 00:28:42,487 [INFO] PluginManage:310 - Check plugin pinoutconfig
2026-03-04 00:28:42,561 [WARN] SupportedApi:132 - Cannot load RTOS API schema: s4s-elt-must-match.1: The content of 'definitions' must match (annotation?, (simpleType | complexType)?, (unique | key | keyref)*)). A problem was found starting at: attribute.
2026-03-04 00:28:42,664 [INFO] PluginManage:359 - Loaded plugin pinoutconfig (category:base,tabindex:0)
2026-03-04 00:28:42,664 [INFO] PluginManage:310 - Check plugin power
2026-03-04 00:28:42,670 [INFO] PluginManage:359 - Loaded plugin power (category:power,tabindex:4)
2026-03-04 00:28:42,670 [INFO] PluginManage:310 - Check plugin projectmanager
2026-03-04 00:28:42,683 [INFO] PluginManage:359 - Loaded plugin projectmanager (category:projectmanager,tabindex:4)
2026-03-04 00:28:42,683 [INFO] PluginManage:310 - Check plugin rif
2026-03-04 00:28:42,690 [INFO] PluginManage:359 - Loaded plugin rif (category:base,tabindex:3)
2026-03-04 00:28:42,690 [INFO] PluginManage:310 - Check plugin thirdparty
2026-03-04 00:28:42,793 [INFO] PluginManage:359 - Loaded plugin thirdparty (category:base,tabindex:-1)
2026-03-04 00:28:42,793 [WARN] IntegrityCheckThread:84 - waiting for thirdparty lock release [integrity check]
2026-03-04 00:28:42,793 [INFO] IntegrityCheckThread:86 - entering critical section [integrity check]
2026-03-04 00:28:42,793 [INFO] PluginManage:310 - Check plugin tools
2026-03-04 00:28:42,795 [INFO] ThirdPartyUpdaterWithRetryManager:70 - Updater plugin not ready yet. [1/15]
2026-03-04 00:28:42,797 [INFO] PluginManage:359 - Loaded plugin tools (category:base,tabindex:7)
2026-03-04 00:28:42,797 [INFO] PluginManage:310 - Check plugin tutovideos
2026-03-04 00:28:42,950 [INFO] PluginManage:359 - Loaded plugin tutovideos (category:base,tabindex:-1)
2026-03-04 00:28:42,950 [INFO] PluginManage:310 - Check plugin updater
2026-03-04 00:28:42,967 [INFO] PluginManage:359 - Loaded plugin updater (category:base,tabindex:12)
2026-03-04 00:28:42,967 [INFO] PluginManage:310 - Check plugin userauth
2026-03-04 00:28:42,970 [INFO] UserAuth:118 - Init User Auth plugin
2026-03-04 00:28:42,970 [INFO] PluginManage:359 - Loaded plugin userauth (category:base,tabindex:14)
2026-03-04 00:28:42,970 [INFO] PluginManage:283 - PluginManage : Loaded plugins [18]
2026-03-04 00:28:43,131 [INFO] PinOutPanel:1589 - setPackage(No Configuration,No Configuration)
2026-03-04 00:28:43,196 [INFO] CADModel:165 - CPN selected for project level
2026-03-04 00:28:43,196 [INFO] CADModel:114 - Register for checkConnection events
2026-03-04 00:28:43,209 [INFO] IPUIPlugin:80 - create IPUIPlugin
2026-03-04 00:28:43,209 [INFO] PluginManager:220 - loadIPPluginJar : add adc
2026-03-04 00:28:43,211 [INFO] IPUIPlugin:80 - create IPUIPlugin
2026-03-04 00:28:43,211 [INFO] PluginManager:220 - loadIPPluginJar : add aes
2026-03-04 00:28:43,214 [INFO] IPUIPlugin:80 - create IPUIPlugin
2026-03-04 00:28:43,214 [INFO] PluginManager:220 - loadIPPluginJar : add can
2026-03-04 00:28:43,215 [INFO] IPUIPlugin:80 - create IPUIPlugin
2026-03-04 00:28:43,215 [INFO] PluginManager:220 - loadIPPluginJar : add comp
2026-03-04 00:28:43,217 [INFO] IPUIPlugin:80 - create IPUIPlugin
2026-03-04 00:28:43,217 [INFO] PluginManager:220 - loadIPPluginJar : add cryp
2026-03-04 00:28:43,219 [INFO] IPUIPlugin:80 - create IPUIPlugin
2026-03-04 00:28:43,219 [INFO] PluginManager:220 - loadIPPluginJar : add ddr_ctrl_phy
2026-03-04 00:28:43,221 [INFO] IPUIPlugin:80 - create IPUIPlugin
2026-03-04 00:28:43,221 [INFO] PluginManager:220 - loadIPPluginJar : add dfsdm
2026-03-04 00:28:43,224 [INFO] IPUIPlugin:80 - create IPUIPlugin
2026-03-04 00:28:43,225 [INFO] PluginManager:220 - loadIPPluginJar : add dma
2026-03-04 00:28:43,227 [INFO] IPUIPlugin:80 - create IPUIPlugin
2026-03-04 00:28:43,227 [INFO] PluginManager:220 - loadIPPluginJar : add dma3
2026-03-04 00:28:43,228 [INFO] IPUIPlugin:80 - create IPUIPlugin
2026-03-04 00:28:43,228 [INFO] PluginManager:220 - loadIPPluginJar : add extmemmanager
2026-03-04 00:28:43,230 [INFO] IPUIPlugin:80 - create IPUIPlugin
2026-03-04 00:28:43,230 [INFO] PluginManager:220 - loadIPPluginJar : add fatfs
2026-03-04 00:28:43,233 [INFO] IPUIPlugin:80 - create IPUIPlugin
2026-03-04 00:28:43,233 [INFO] PluginManager:220 - loadIPPluginJar : add fmc
2026-03-04 00:28:43,239 [INFO] IPUIPlugin:80 - create IPUIPlugin
2026-03-04 00:28:43,239 [INFO] PluginManager:220 - loadIPPluginJar : add freertos
2026-03-04 00:28:43,240 [INFO] IPUIPlugin:80 - create IPUIPlugin
2026-03-04 00:28:43,240 [INFO] PluginManager:220 - loadIPPluginJar : add genericplugin
2026-03-04 00:28:43,242 [INFO] IPUIPlugin:80 - create IPUIPlugin
2026-03-04 00:28:43,242 [INFO] PluginManager:220 - loadIPPluginJar : add gfxmmu
2026-03-04 00:28:43,246 [INFO] IPUIPlugin:80 - create IPUIPlugin
2026-03-04 00:28:43,246 [INFO] PluginManager:220 - loadIPPluginJar : add gic
2026-03-04 00:28:43,249 [INFO] IPUIPlugin:80 - create IPUIPlugin
2026-03-04 00:28:43,250 [INFO] PluginManager:220 - loadIPPluginJar : add gpio
2026-03-04 00:28:43,252 [INFO] IPUIPlugin:80 - create IPUIPlugin
2026-03-04 00:28:43,252 [INFO] PluginManager:220 - loadIPPluginJar : add gtzc
2026-03-04 00:28:43,253 [INFO] IPUIPlugin:80 - create IPUIPlugin
2026-03-04 00:28:43,253 [INFO] PluginManager:220 - loadIPPluginJar : add hash
2026-03-04 00:28:43,255 [INFO] IPUIPlugin:80 - create IPUIPlugin
2026-03-04 00:28:43,255 [INFO] PluginManager:220 - loadIPPluginJar : add i2c
2026-03-04 00:28:43,257 [INFO] IPUIPlugin:80 - create IPUIPlugin
2026-03-04 00:28:43,257 [INFO] PluginManager:220 - loadIPPluginJar : add i2s
2026-03-04 00:28:43,260 [INFO] IPUIPlugin:80 - create IPUIPlugin
2026-03-04 00:28:43,260 [INFO] PluginManager:220 - loadIPPluginJar : add i3c
2026-03-04 00:28:43,263 [INFO] IPUIPlugin:80 - create IPUIPlugin
2026-03-04 00:28:43,263 [INFO] PluginManager:220 - loadIPPluginJar : add ipddr
2026-03-04 00:28:43,268 [INFO] IPUIPlugin:80 - create IPUIPlugin
2026-03-04 00:28:43,268 [INFO] PluginManager:220 - loadIPPluginJar : add linkedlist
2026-03-04 00:28:43,271 [INFO] IPUIPlugin:80 - create IPUIPlugin
2026-03-04 00:28:43,271 [INFO] PluginManager:220 - loadIPPluginJar : add lorawan
2026-03-04 00:28:43,272 [INFO] IPUIPlugin:80 - create IPUIPlugin
2026-03-04 00:28:43,272 [INFO] PluginManager:220 - loadIPPluginJar : add ltdc
2026-03-04 00:28:43,276 [INFO] IPUIPlugin:80 - create IPUIPlugin
2026-03-04 00:28:43,276 [INFO] PluginManager:220 - loadIPPluginJar : add mdma
2026-03-04 00:28:43,277 [INFO] IPUIPlugin:80 - create IPUIPlugin
2026-03-04 00:28:43,278 [INFO] PluginManager:220 - loadIPPluginJar : add nvic
2026-03-04 00:28:43,279 [INFO] IPUIPlugin:80 - create IPUIPlugin
2026-03-04 00:28:43,279 [INFO] PluginManager:220 - loadIPPluginJar : add opamp
2026-03-04 00:28:43,281 [INFO] IPUIPlugin:80 - create IPUIPlugin
2026-03-04 00:28:43,281 [INFO] PluginManager:220 - loadIPPluginJar : add openamp
2026-03-04 00:28:43,285 [INFO] IPUIPlugin:80 - create IPUIPlugin
2026-03-04 00:28:43,285 [INFO] PluginManager:220 - loadIPPluginJar : add pdm2pcm
2026-03-04 00:28:43,288 [INFO] IPUIPlugin:80 - create IPUIPlugin
2026-03-04 00:28:43,291 [INFO] PluginManager:220 - loadIPPluginJar : add plateformsettings
2026-03-04 00:28:43,292 [INFO] IPUIPlugin:80 - create IPUIPlugin
2026-03-04 00:28:43,292 [INFO] PluginManager:220 - loadIPPluginJar : add quadspi
2026-03-04 00:28:43,293 [INFO] IPUIPlugin:80 - create IPUIPlugin
2026-03-04 00:28:43,293 [INFO] PluginManager:220 - loadIPPluginJar : add radio
2026-03-04 00:28:43,297 [INFO] IPUIPlugin:80 - create IPUIPlugin
2026-03-04 00:28:43,297 [INFO] PluginManager:220 - loadIPPluginJar : add resmgrutility
2026-03-04 00:28:43,299 [INFO] IPUIPlugin:80 - create IPUIPlugin
2026-03-04 00:28:43,300 [INFO] PluginManager:220 - loadIPPluginJar : add sai
2026-03-04 00:28:43,301 [INFO] IPUIPlugin:80 - create IPUIPlugin
2026-03-04 00:28:43,301 [INFO] PluginManager:220 - loadIPPluginJar : add spi
2026-03-04 00:28:43,306 [INFO] IPUIPlugin:80 - create IPUIPlugin
2026-03-04 00:28:43,306 [INFO] PluginManager:220 - loadIPPluginJar : add stm32_wpan
2026-03-04 00:28:43,307 [INFO] IPUIPlugin:80 - create IPUIPlugin
2026-03-04 00:28:43,307 [INFO] PluginManager:220 - loadIPPluginJar : add tim
2026-03-04 00:28:43,309 [INFO] IPUIPlugin:80 - create IPUIPlugin
2026-03-04 00:28:43,310 [INFO] PluginManager:220 - loadIPPluginJar : add touchsensing
2026-03-04 00:28:43,311 [INFO] IPUIPlugin:80 - create IPUIPlugin
2026-03-04 00:28:43,311 [INFO] PluginManager:220 - loadIPPluginJar : add tracer_emb
2026-03-04 00:28:43,314 [INFO] IPUIPlugin:80 - create IPUIPlugin
2026-03-04 00:28:43,314 [INFO] PluginManager:220 - loadIPPluginJar : add ts
2026-03-04 00:28:43,315 [INFO] IPUIPlugin:80 - create IPUIPlugin
2026-03-04 00:28:43,315 [INFO] PluginManager:220 - loadIPPluginJar : add tsc
2026-03-04 00:28:43,316 [INFO] IPUIPlugin:80 - create IPUIPlugin
2026-03-04 00:28:43,316 [INFO] PluginManager:220 - loadIPPluginJar : add ucpd
2026-03-04 00:28:43,318 [INFO] IPUIPlugin:80 - create IPUIPlugin
2026-03-04 00:28:43,318 [INFO] PluginManager:220 - loadIPPluginJar : add usart
2026-03-04 00:28:43,321 [INFO] IPUIPlugin:80 - create IPUIPlugin
2026-03-04 00:28:43,321 [INFO] PluginManager:220 - loadIPPluginJar : add usbx
2026-03-04 00:28:43,442 [FATAL] Updater:351 - Updater called before beeing initialized
2026-03-04 00:28:43,462 [INFO] RulesReader:64 - Compatibility file has been processed (317 Rules)
2026-03-04 00:28:43,470 [INFO] RulesReader:64 - Compatibility file has been processed (317 Rules)
2026-03-04 00:28:43,478 [INFO] CADModel:165 - CPN selected for project level
2026-03-04 00:28:43,478 [INFO] CADModel:114 - Register for checkConnection events
2026-03-04 00:28:43,478 [FATAL] Updater:351 - Updater called before beeing initialized
2026-03-04 00:28:43,478 [ERROR] CADModel:125 - Updater not yet initialized, retry later 
2026-03-04 00:28:43,622 [FATAL] Updater:351 - Updater called before beeing initialized
2026-03-04 00:28:43,623 [INFO] CADModel:165 - CPN selected for project level
2026-03-04 00:28:43,623 [INFO] CADModel:114 - Register for checkConnection events
2026-03-04 00:28:43,623 [FATAL] Updater:351 - Updater called before beeing initialized
2026-03-04 00:28:43,623 [ERROR] CADModel:125 - Updater not yet initialized, retry later 
2026-03-04 00:28:43,625 [FATAL] Updater:351 - Updater called before beeing initialized
2026-03-04 00:28:43,712 [FATAL] Updater:351 - Updater called before beeing initialized
2026-03-04 00:28:43,714 [INFO] DbMcusAds:53 - JSON generation date=Tue Feb 10 14:16:36 EET 2026 (1770725796257)
2026-03-04 00:28:43,714 [FATAL] Updater:351 - Updater called before beeing initialized
2026-03-04 00:28:43,741 [WARN] DetailPanel:346 - Failed to get advertising image, set to default
2026-03-04 00:28:43,809 [FATAL] Updater:351 - Updater called before beeing initialized
2026-03-04 00:28:43,811 [FATAL] Updater:351 - Updater called before beeing initialized
2026-03-04 00:28:43,811 [FATAL] Updater:351 - Updater called before beeing initialized
2026-03-04 00:28:43,811 [WARN] DetailPanel:346 - Failed to get advertising image, set to default
2026-03-04 00:28:43,813 [FATAL] Updater:351 - Updater called before beeing initialized
2026-03-04 00:28:43,848 [ERROR] Updater:1198 - MainUpdater not yet initialized. External WinMGr cannot be set.
2026-03-04 00:28:43,850 [INFO] Updater:1134 - Updater Version found : 6.15.0
2026-03-04 00:28:43,862 [INFO] ApplicationProperties:184 - Using Application install path: C:\ST\STM32CubeIDE_1.19.0\STM32CubeIDE\plugins\com.st.stm32cube.common.mx_6.15.0.202507011659
2026-03-04 00:28:44,729 [INFO] MainUpdater:2872 - connection check result : 10
2026-03-04 00:28:44,731 [INFO] MainUpdater:289 - Updater Check For Update Now.
2026-03-04 00:28:44,731 [INFO] MicroXplorer:498 - Change Database Version : DB.6.0.150
2026-03-04 00:28:44,735 [INFO] McuFinderGlobals:63 - Set McuFinder mode to 2 (CubeIDE integrated)
2026-03-04 00:28:44,735 [INFO] UserAuth:487 - Internet connection configuration mode: 1
2026-03-04 00:28:44,755 [INFO] JxBrowserEngine:152 - Initiate JxBrowser Engine with user profile folder
2026-03-04 00:28:44,898 [INFO] CheckServerUpdateThread:120 - End of CheckServer Thread
2026-03-04 00:28:45,369 [INFO] WebApp:169 - Instantiating new browser for Auth
2026-03-04 00:28:45,971 [INFO] WebApp:463 - Apply proxy settings
2026-03-04 00:28:45,971 [INFO] WebApp:548 - Chromium requires no authentication
2026-03-04 00:28:45,979 [INFO] WebApp:491 - Direct internet connection detected
2026-03-04 00:28:46,006 [INFO] WebApp:900 - Register for checkConnection events
2026-03-04 00:28:46,006 [INFO] WebApp:463 - Apply proxy settings
2026-03-04 00:28:46,006 [INFO] WebApp:548 - Chromium requires no authentication
2026-03-04 00:28:46,007 [INFO] WebApp:491 - Direct internet connection detected
2026-03-04 00:28:46,023 [WARN] PackLoader:240 - Cannot read IP mode file for STMicroelectronics.FP-ATR-ASTRA1.2.0.2
2026-03-04 00:28:46,031 [WARN] PackLoader:240 - Cannot read IP mode file for STMicroelectronics.X-CUBE-SMBUS.2.1.0
2026-03-04 00:28:46,060 [WARN] PackLoader:240 - Cannot read IP mode file for STMicroelectronics.X-CUBE-AZRTOS-F7.1.1.0
2026-03-04 00:28:46,070 [WARN] PackLoader:240 - Cannot read IP mode file for STMicroelectronics.FP-SNS-MOTENV1.5.1.0
2026-03-04 00:28:46,084 [WARN] PackLoader:240 - Cannot read IP mode file for WES.I-CUBE-Cesium.1.4.0
2026-03-04 00:28:46,111 [WARN] PackLoader:240 - Cannot read IP mode file for STMicroelectronics.X-CUBE-AZRTOS-H7.3.4.0
2026-03-04 00:28:46,122 [WARN] PackLoader:240 - Cannot read IP mode file for STMicroelectronics.X-CUBE-DISPLAY.3.0.0
2026-03-04 00:28:46,130 [WARN] PackLoader:240 - Cannot read IP mode file for STMicroelectronics.FP-SNS-MOTENVWB1.1.5.0
2026-03-04 00:28:46,139 [WARN] PackLoader:240 - Cannot read IP mode file for STMicroelectronics.X-CUBE-NFC10.1.0.0
2026-03-04 00:28:46,145 [WARN] PackLoader:240 - Cannot read IP mode file for STMicroelectronics.X-CUBE-ST60.1.1.0
2026-03-04 00:28:46,151 [WARN] PackLoader:240 - Cannot read IP mode file for emotas.I-CUBE-CANOPEN.1.3.0
2026-03-04 00:28:46,158 [WARN] PackLoader:240 - Cannot read IP mode file for STMicroelectronics.X-CUBE-GNSS1.7.1.0
2026-03-04 00:28:46,166 [WARN] PackLoader:240 - Cannot read IP mode file for STMicroelectronics.FP-SNS-STBOX1.2.1.0
2026-03-04 00:28:46,173 [WARN] PackLoader:240 - Cannot read IP mode file for STMicroelectronics.FP-SNS-SMARTAG2.1.2.0
2026-03-04 00:28:46,177 [WARN] PackLoader:240 - Cannot read IP mode file for STMicroelectronics.FP-SNS-FLIGHT1.5.1.0
2026-03-04 00:28:46,186 [INFO] LogOutputStream:77 - [STDOUT_REDIRECT] 1 : Invalid condition id : UX_CORESTACK_Condition cause : null
2026-03-04 00:28:46,187 [INFO] LogOutputStream:77 - [STDOUT_REDIRECT] 1 : Invalid condition id : UX_CORESTACK_Condition cause : null
2026-03-04 00:28:46,187 [INFO] LogOutputStream:77 - [STDOUT_REDIRECT] 1 : Invalid condition id : UX_CORESTACK_Condition cause : null
2026-03-04 00:28:46,189 [INFO] LogOutputStream:77 - [STDOUT_REDIRECT] 1 : Invalid condition id : UX_CORESTACK_Condition cause : null
2026-03-04 00:28:46,191 [INFO] LogOutputStream:77 - [STDOUT_REDIRECT] 1 : Invalid condition id : UX_CORESTACK_Condition cause : null
2026-03-04 00:28:46,193 [WARN] PackLoader:240 - Cannot read IP mode file for STMicroelectronics.X-CUBE-AZRTOS-WL.2.0.0
2026-03-04 00:28:46,227 [WARN] PackLoader:240 - Cannot read IP mode file for STMicroelectronics.X-CUBE-AZRTOS-H7RS.1.2.0
2026-03-04 00:28:46,236 [WARN] PackLoader:240 - Cannot read IP mode file for STMicroelectronics.X-CUBE-BLE2.3.3.0
2026-03-04 00:28:46,272 [INFO] WebApp:191 - Connection restablished
2026-03-04 00:28:46,276 [WARN] PackLoader:240 - Cannot read IP mode file for Infineon.AIROC-Wi-Fi-Bluetooth-STM32.1.8.0
2026-03-04 00:28:46,286 [WARN] PackLoader:240 - Cannot read IP mode file for STMicroelectronics.X-CUBE-NFC9.1.0.0
2026-03-04 00:28:46,293 [WARN] PackLoader:240 - Cannot read IP mode file for STMicroelectronics.X-CUBE-BLE1.7.1.0
2026-03-04 00:28:46,299 [WARN] PackLoader:240 - Cannot read IP mode file for wolfSSL.I-CUBE-wolfMQTT.1.19.2
2026-03-04 00:28:46,304 [WARN] PackLoader:240 - Cannot read IP mode file for STMicroelectronics.X-CUBE-FREERTOS.1.4.0
2026-03-04 00:28:46,311 [WARN] PackLoader:240 - Cannot read IP mode file for STMicroelectronics.X-CUBE-EEPRMA1.5.2.0
2026-03-04 00:28:46,319 [WARN] PackLoader:240 - Cannot read IP mode file for wolfSSL.I-CUBE-wolfSSL.5.8.4
2026-03-04 00:28:46,323 [WARN] PackLoader:240 - Cannot read IP mode file for Cesanta.I-CUBE-Mongoose.7.20.0
2026-03-04 00:28:46,353 [WARN] PackLoader:240 - Cannot read IP mode file for STMicroelectronics.X-CUBE-MEMS1.12.0.0
2026-03-04 00:28:46,443 [WARN] PackLoader:240 - Cannot read IP mode file for STMicroelectronics.X-CUBE-AZRTOS-G0.1.1.0
2026-03-04 00:28:46,455 [WARN] PackLoader:240 - Cannot read IP mode file for STMicroelectronics.X-CUBE-NFC4.3.0.0
2026-03-04 00:28:46,467 [WARN] PackLoader:240 - Cannot read IP mode file for EmbeddedOffice.I-CUBE-FS-RTOS.1.0.1
2026-03-04 00:28:46,476 [WARN] PackLoader:240 - Cannot read IP mode file for STMicroelectronics.X-CUBE-WB05N.2.0.0
2026-03-04 00:28:46,483 [WARN] PackLoader:240 - Cannot read IP mode file for wolfSSL.I-CUBE-wolfTPM.3.8.0
2026-03-04 00:28:46,510 [WARN] PackLoader:240 - Cannot read IP mode file for STMicroelectronics.X-CUBE-TCPP.4.2.0
2026-03-04 00:28:46,521 [WARN] PackLoader:240 - Cannot read IP mode file for RealThread.X-CUBE-RT-Thread_Nano.4.1.1
2026-03-04 00:28:46,528 [WARN] PackLoader:240 - Cannot read IP mode file for STMicroelectronics.FP-ATR-SIGFOX1.3.2.0
2026-03-04 00:28:46,537 [WARN] PackLoader:240 - Cannot read IP mode file for ITTIA_DB.I-CUBE-ITTIADB.8.9.0
2026-03-04 00:28:46,545 [WARN] PackLoader:240 - Cannot read IP mode file for STMicroelectronics.X-CUBE-NFC6.3.2.0
2026-03-04 00:28:46,553 [WARN] PackLoader:240 - Cannot read IP mode file for STMicroelectronics.X-CUBE-AI.10.2.0
2026-03-04 00:28:46,583 [WARN] PackLoader:240 - Cannot read IP mode file for SEGGER.I-CUBE-embOS.1.3.1
2026-03-04 00:28:46,620 [WARN] PackLoader:240 - Cannot read IP mode file for STMicroelectronics.X-CUBE-ALGOBUILD.1.4.0
2026-03-04 00:28:46,625 [WARN] PackLoader:240 - Cannot read IP mode file for STMicroelectronics.X-CUBE-PM33A1.1.0.0
2026-03-04 00:28:46,637 [WARN] PackLoader:240 - Cannot read IP mode file for STMicroelectronics.X-CUBE-AZRTOS-F4.1.1.0
2026-03-04 00:28:46,641 [WARN] PackLoader:240 - Cannot read IP mode file for STMicroelectronics.X-CUBE-ISPU.2.1.0
2026-03-04 00:28:46,652 [WARN] PackLoader:240 - Cannot read IP mode file for STMicroelectronics.X-CUBE-IPS.3.2.0
2026-03-04 00:28:46,662 [WARN] PackLoader:240 - Cannot read IP mode file for STMicroelectronics.X-CUBE-NFC12.1.0.0
2026-03-04 00:28:46,675 [WARN] PackLoader:240 - Cannot read IP mode file for STMicroelectronics.X-CUBE-AZRTOS-L5.2.0.0
2026-03-04 00:28:46,685 [WARN] PackLoader:240 - Cannot read IP mode file for STMicroelectronics.X-CUBE-TOUCHGFX.4.26.0
2026-03-04 00:28:46,692 [WARN] PackLoader:240 - Cannot read IP mode file for STMicroelectronics.FP-SNS-STAIOTCFT.1.0.0
2026-03-04 00:28:46,698 [WARN] PackLoader:240 - Cannot read IP mode file for STMicroelectronics.X-CUBE-DPower.1.3.0
2026-03-04 00:28:46,723 [WARN] ConditionMgr:438 - getConditionDescription Invalid condition id : LAN8742 Phy interface Condition cause : null
2026-03-04 00:28:46,723 [WARN] PackLoader:240 - Cannot read IP mode file for STMicroelectronics.X-CUBE-AZRTOS-L4.2.0.0
2026-03-04 00:28:46,724 [WARN] ConditionMgr:1044 - genDependencies : Invalid condition id : LAN8742 Phy interface Condition cause : null
2026-03-04 00:28:46,724 [WARN] ConditionMgr:1044 - genDependencies : Invalid condition id : LAN8742 Phy interface Condition cause : null
2026-03-04 00:28:46,726 [WARN] ConditionMgr:1044 - genDependencies : Invalid condition id : LAN8742 Phy interface Condition cause : null
2026-03-04 00:28:46,734 [WARN] PackLoader:240 - Cannot read IP mode file for STMicroelectronics.X-CUBE-SFXS2LP1.4.0.0
2026-03-04 00:28:46,743 [WARN] PackLoader:240 - Cannot read IP mode file for STMicroelectronics.X-CUBE-ST67W61.1.2.0
2026-03-04 00:28:46,753 [WARN] PackLoader:240 - Cannot read IP mode file for STMicroelectronics.X-CUBE-BLEMGR.4.1.0
2026-03-04 00:28:46,766 [WARN] ConditionMgr:438 - getConditionDescription Invalid condition id : UX DEVICE CLASS RTOS Condition cause : null
2026-03-04 00:28:46,766 [WARN] ConditionMgr:438 - getConditionDescription Invalid condition id : UX DEVICE CLASS RTOS Condition cause : null
2026-03-04 00:28:46,769 [WARN] PackLoader:240 - Cannot read IP mode file for STMicroelectronics.X-CUBE-AZRTOS-WB.2.0.0
2026-03-04 00:28:46,769 [WARN] ConditionMgr:1044 - genDependencies : Invalid condition id : UX DEVICE CLASS RTOS Condition cause : null
2026-03-04 00:28:46,769 [WARN] ConditionMgr:1044 - genDependencies : Invalid condition id : UX DEVICE CLASS RTOS Condition cause : null
2026-03-04 00:28:46,770 [WARN] ConditionMgr:1044 - genDependencies : Invalid condition id : UX DEVICE CLASS RTOS Condition cause : null
2026-03-04 00:28:46,770 [WARN] ConditionMgr:1044 - genDependencies : Invalid condition id : UX DEVICE CLASS RTOS Condition cause : null
2026-03-04 00:28:46,770 [WARN] ConditionMgr:1044 - genDependencies : Invalid condition id : UX DEVICE CLASS RTOS Condition cause : null
2026-03-04 00:28:46,775 [WARN] ConditionMgr:438 - getConditionDescription Invalid condition id : Cortex-A Device cause : null
2026-03-04 00:28:46,786 [WARN] ConditionMgr:1044 - genDependencies : Invalid condition id : Cortex-A Device cause : null
2026-03-04 00:28:46,786 [WARN] ConditionMgr:1044 - genDependencies : Invalid condition id : Cortex-A Device cause : null
2026-03-04 00:28:46,786 [WARN] ConditionMgr:1044 - genDependencies : Invalid condition id : Cortex-A Device cause : null
2026-03-04 00:28:46,792 [WARN] PackLoader:240 - Cannot read IP mode file for STMicroelectronics.X-CUBE-STSE01.2.0.0
2026-03-04 00:28:46,803 [WARN] PackLoader:240 - Cannot read IP mode file for STMicroelectronics.X-CUBE-SUBG2.5.0.0
2026-03-04 00:28:46,819 [WARN] PackLoader:240 - Cannot read IP mode file for STMicroelectronics.X-CUBE-AZRTOS-G4.2.0.0
2026-03-04 00:28:46,826 [WARN] PackLoader:240 - Cannot read IP mode file for wolfSSL.I-CUBE-wolfSSH.1.4.20
2026-03-04 00:28:46,832 [WARN] PackLoader:240 - Cannot read IP mode file for STMicroelectronics.X-CUBE-NFC7.2.0.0
2026-03-04 00:28:46,838 [WARN] PackLoader:240 - Cannot read IP mode file for STMicroelectronics.X-CUBE-ALS.1.0.2
2026-03-04 00:28:46,848 [WARN] PackLoader:240 - Cannot read IP mode file for STMicroelectronics.X-CUBE-TOF1.3.4.3
2026-03-04 00:28:46,856 [INFO] ThirdParty:978 - Integrity check success = true
2026-03-04 00:28:46,856 [INFO] IntegrityCheckThread:100 - exiting critical section [integrity check]
2026-03-04 00:28:46,856 [INFO] IntegrityCheckThread:103 - End integrity checks thread
2026-03-04 00:28:46,881 [INFO] WebApp:225 - Starting web application
2026-03-04 00:28:46,882 [INFO] WebApp:593 - Web application path used C:\ST\STM32CubeIDE_1.19.0\STM32CubeIDE\plugins\com.st.stm32cube.common.mx_6.15.0.202507011659\db\plugins\mcufinder\reactClient1\index.html
2026-03-04 00:28:47,077 [INFO] UserAuth:487 - Internet connection configuration mode: 1
2026-03-04 00:28:47,146 [ERROR] LogOutputStream:75 - [STDERR_REDIRECT] [Fatal Error] :1:1: Premature end of file.
2026-03-04 00:28:47,147 [ERROR] LogOutputStream:75 - [STDERR_REDIRECT] 
2026-03-04 00:28:48,132 [ERROR] LogOutputStream:75 - [STDERR_REDIRECT] [Fatal Error] :1:1: Premature end of file.
2026-03-04 00:28:48,132 [ERROR] LogOutputStream:75 - [STDERR_REDIRECT] 
2026-03-04 00:28:49,132 [ERROR] LogOutputStream:75 - [STDERR_REDIRECT] [Fatal Error] :1:1: Premature end of file.
2026-03-04 00:28:49,132 [ERROR] LogOutputStream:75 - [STDERR_REDIRECT] 
2026-03-04 00:28:50,131 [ERROR] LogOutputStream:75 - [STDERR_REDIRECT] [Fatal Error] :1:1: Premature end of file.
2026-03-04 00:28:50,131 [ERROR] LogOutputStream:75 - [STDERR_REDIRECT] 
2026-03-04 00:28:51,131 [ERROR] LogOutputStream:75 - [STDERR_REDIRECT] [Fatal Error] :1:1: Premature end of file.
2026-03-04 00:28:51,132 [ERROR] LogOutputStream:75 - [STDERR_REDIRECT] 
2026-03-04 00:28:52,133 [ERROR] LogOutputStream:75 - [STDERR_REDIRECT] [Fatal Error] :1:1: Premature end of file.
2026-03-04 00:28:52,133 [ERROR] LogOutputStream:75 - [STDERR_REDIRECT] 
2026-03-04 00:28:53,129 [ERROR] LogOutputStream:75 - [STDERR_REDIRECT] [Fatal Error] :1:1: Premature end of file.
2026-03-04 00:28:53,129 [ERROR] LogOutputStream:75 - [STDERR_REDIRECT] 
2026-03-04 00:28:54,133 [ERROR] LogOutputStream:75 - [STDERR_REDIRECT] [Fatal Error] :1:1: Premature end of file.
2026-03-04 00:28:54,133 [ERROR] LogOutputStream:75 - [STDERR_REDIRECT] 
2026-03-04 00:28:55,129 [ERROR] LogOutputStream:75 - [STDERR_REDIRECT] [Fatal Error] :1:1: Premature end of file.
2026-03-04 00:28:55,129 [ERROR] LogOutputStream:75 - [STDERR_REDIRECT] 
2026-03-04 00:28:56,132 [ERROR] LogOutputStream:75 - [STDERR_REDIRECT] [Fatal Error] :1:1: Premature end of file.
2026-03-04 00:28:56,132 [ERROR] LogOutputStream:75 - [STDERR_REDIRECT] 
2026-03-04 00:28:57,132 [ERROR] LogOutputStream:75 - [STDERR_REDIRECT] [Fatal Error] :1:1: Premature end of file.
2026-03-04 00:28:57,132 [ERROR] LogOutputStream:75 - [STDERR_REDIRECT] 
2026-03-04 00:28:58,129 [ERROR] LogOutputStream:75 - [STDERR_REDIRECT] [Fatal Error] :1:1: Premature end of file.
2026-03-04 00:28:58,129 [ERROR] LogOutputStream:75 - [STDERR_REDIRECT] 
2026-03-04 00:28:59,131 [ERROR] LogOutputStream:75 - [STDERR_REDIRECT] [Fatal Error] :1:1: Premature end of file.
2026-03-04 00:28:59,131 [ERROR] LogOutputStream:75 - [STDERR_REDIRECT] 
2026-03-04 00:29:00,132 [ERROR] LogOutputStream:75 - [STDERR_REDIRECT] [Fatal Error] :1:1: Premature end of file.
2026-03-04 00:29:00,132 [ERROR] LogOutputStream:75 - [STDERR_REDIRECT] 
2026-03-04 00:29:01,132 [ERROR] LogOutputStream:75 - [STDERR_REDIRECT] [Fatal Error] :1:1: Premature end of file.
2026-03-04 00:29:01,132 [ERROR] LogOutputStream:75 - [STDERR_REDIRECT] 
2026-03-04 00:29:02,142 [ERROR] LogOutputStream:75 - [STDERR_REDIRECT] [Fatal Error] :1:1: Premature end of file.
2026-03-04 00:29:02,142 [ERROR] LogOutputStream:75 - [STDERR_REDIRECT] 
2026-03-04 00:29:03,136 [ERROR] LogOutputStream:75 - [STDERR_REDIRECT] [Fatal Error] :1:1: Premature end of file.
2026-03-04 00:29:03,136 [ERROR] LogOutputStream:75 - [STDERR_REDIRECT] 
2026-03-04 00:29:04,140 [ERROR] LogOutputStream:75 - [STDERR_REDIRECT] [Fatal Error] :1:1: Premature end of file.
2026-03-04 00:29:04,140 [ERROR] LogOutputStream:75 - [STDERR_REDIRECT] 
2026-03-04 00:29:05,130 [ERROR] LogOutputStream:75 - [STDERR_REDIRECT] [Fatal Error] :1:1: Premature end of file.
2026-03-04 00:29:05,131 [ERROR] LogOutputStream:75 - [STDERR_REDIRECT] 
2026-03-04 00:29:06,129 [ERROR] LogOutputStream:75 - [STDERR_REDIRECT] [Fatal Error] :1:1: Premature end of file.
2026-03-04 00:29:06,131 [ERROR] LogOutputStream:75 - [STDERR_REDIRECT] 
2026-03-04 00:29:07,131 [ERROR] LogOutputStream:75 - [STDERR_REDIRECT] [Fatal Error] :1:1: Premature end of file.
2026-03-04 00:29:07,131 [ERROR] LogOutputStream:75 - [STDERR_REDIRECT] 
2026-03-04 00:29:08,131 [ERROR] LogOutputStream:75 - [STDERR_REDIRECT] [Fatal Error] :1:1: Premature end of file.
2026-03-04 00:29:08,131 [ERROR] LogOutputStream:75 - [STDERR_REDIRECT] 
2026-03-04 00:29:09,131 [ERROR] LogOutputStream:75 - [STDERR_REDIRECT] [Fatal Error] :1:1: Premature end of file.
2026-03-04 00:29:09,131 [ERROR] LogOutputStream:75 - [STDERR_REDIRECT] 
2026-03-04 00:29:10,135 [ERROR] LogOutputStream:75 - [STDERR_REDIRECT] [Fatal Error] :1:1: Premature end of file.
2026-03-04 00:29:10,135 [ERROR] LogOutputStream:75 - [STDERR_REDIRECT] 
2026-03-04 00:29:11,130 [ERROR] LogOutputStream:75 - [STDERR_REDIRECT] [Fatal Error] :1:1: Premature end of file.
2026-03-04 00:29:11,130 [ERROR] LogOutputStream:75 - [STDERR_REDIRECT] 
2026-03-04 00:29:12,160 [ERROR] LogOutputStream:75 - [STDERR_REDIRECT] [Fatal Error] :1:1: Premature end of file.
2026-03-04 00:29:12,161 [ERROR] LogOutputStream:75 - [STDERR_REDIRECT] 
2026-03-04 00:29:13,157 [ERROR] LogOutputStream:75 - [STDERR_REDIRECT] [Fatal Error] :1:1: Premature end of file.
2026-03-04 00:29:13,157 [ERROR] LogOutputStream:75 - [STDERR_REDIRECT] 
2026-03-04 00:29:14,132 [ERROR] LogOutputStream:75 - [STDERR_REDIRECT] [Fatal Error] :1:1: Premature end of file.
2026-03-04 00:29:14,132 [ERROR] LogOutputStream:75 - [STDERR_REDIRECT] 
2026-03-04 00:29:15,130 [ERROR] LogOutputStream:75 - [STDERR_REDIRECT] [Fatal Error] :1:1: Premature end of file.
2026-03-04 00:29:15,131 [ERROR] LogOutputStream:75 - [STDERR_REDIRECT] 
2026-03-04 00:29:16,131 [ERROR] LogOutputStream:75 - [STDERR_REDIRECT] [Fatal Error] :1:1: Premature end of file.
2026-03-04 00:29:16,131 [ERROR] LogOutputStream:75 - [STDERR_REDIRECT] 
2026-03-04 00:29:17,132 [ERROR] LogOutputStream:75 - [STDERR_REDIRECT] [Fatal Error] :1:1: Premature end of file.
2026-03-04 00:29:17,132 [ERROR] LogOutputStream:75 - [STDERR_REDIRECT] 
2026-03-04 00:29:18,129 [ERROR] LogOutputStream:75 - [STDERR_REDIRECT] [Fatal Error] :1:1: Premature end of file.
2026-03-04 00:29:18,129 [ERROR] LogOutputStream:75 - [STDERR_REDIRECT] 
2026-03-04 00:29:19,131 [ERROR] LogOutputStream:75 - [STDERR_REDIRECT] [Fatal Error] :1:1: Premature end of file.
2026-03-04 00:29:19,131 [ERROR] LogOutputStream:75 - [STDERR_REDIRECT] 
2026-03-04 00:29:20,132 [ERROR] LogOutputStream:75 - [STDERR_REDIRECT] [Fatal Error] :1:1: Premature end of file.
2026-03-04 00:29:20,133 [ERROR] LogOutputStream:75 - [STDERR_REDIRECT] 
2026-03-04 00:29:21,132 [ERROR] LogOutputStream:75 - [STDERR_REDIRECT] [Fatal Error] :1:1: Premature end of file.
2026-03-04 00:29:21,132 [ERROR] LogOutputStream:75 - [STDERR_REDIRECT] 
2026-03-04 00:29:22,131 [ERROR] LogOutputStream:75 - [STDERR_REDIRECT] [Fatal Error] :1:1: Premature end of file.
2026-03-04 00:29:22,131 [ERROR] LogOutputStream:75 - [STDERR_REDIRECT] 
2026-03-04 00:29:23,131 [ERROR] LogOutputStream:75 - [STDERR_REDIRECT] [Fatal Error] :1:1: Premature end of file.
2026-03-04 00:29:23,131 [ERROR] LogOutputStream:75 - [STDERR_REDIRECT] 
2026-03-04 00:29:24,134 [ERROR] LogOutputStream:75 - [STDERR_REDIRECT] [Fatal Error] :1:1: Premature end of file.
2026-03-04 00:29:24,134 [ERROR] LogOutputStream:75 - [STDERR_REDIRECT] 
2026-03-04 00:29:25,131 [ERROR] LogOutputStream:75 - [STDERR_REDIRECT] [Fatal Error] :1:1: Premature end of file.
2026-03-04 00:29:25,131 [ERROR] LogOutputStream:75 - [STDERR_REDIRECT] 
2026-03-04 00:29:26,139 [ERROR] LogOutputStream:75 - [STDERR_REDIRECT] [Fatal Error] :1:1: Premature end of file.
2026-03-04 00:29:26,140 [ERROR] LogOutputStream:75 - [STDERR_REDIRECT] 
2026-03-04 00:29:27,131 [ERROR] LogOutputStream:75 - [STDERR_REDIRECT] [Fatal Error] :1:1: Premature end of file.
2026-03-04 00:29:27,131 [ERROR] LogOutputStream:75 - [STDERR_REDIRECT] 
2026-03-04 00:29:28,131 [ERROR] LogOutputStream:75 - [STDERR_REDIRECT] [Fatal Error] :1:1: Premature end of file.
2026-03-04 00:29:28,131 [ERROR] LogOutputStream:75 - [STDERR_REDIRECT] 
2026-03-04 00:29:29,131 [ERROR] LogOutputStream:75 - [STDERR_REDIRECT] [Fatal Error] :1:1: Premature end of file.
2026-03-04 00:29:29,131 [ERROR] LogOutputStream:75 - [STDERR_REDIRECT] 
2026-03-04 00:29:30,131 [ERROR] LogOutputStream:75 - [STDERR_REDIRECT] [Fatal Error] :1:1: Premature end of file.
2026-03-04 00:29:30,131 [ERROR] LogOutputStream:75 - [STDERR_REDIRECT] 
2026-03-04 00:29:31,131 [ERROR] LogOutputStream:75 - [STDERR_REDIRECT] [Fatal Error] :1:1: Premature end of file.
2026-03-04 00:29:31,131 [ERROR] LogOutputStream:75 - [STDERR_REDIRECT] 
2026-03-04 00:29:32,129 [ERROR] LogOutputStream:75 - [STDERR_REDIRECT] [Fatal Error] :1:1: Premature end of file.
2026-03-04 00:29:32,131 [ERROR] LogOutputStream:75 - [STDERR_REDIRECT] 
2026-03-04 00:29:33,129 [ERROR] LogOutputStream:75 - [STDERR_REDIRECT] [Fatal Error] :1:1: Premature end of file.
2026-03-04 00:29:33,129 [ERROR] LogOutputStream:75 - [STDERR_REDIRECT] 
2026-03-04 00:29:34,132 [ERROR] LogOutputStream:75 - [STDERR_REDIRECT] [Fatal Error] :1:1: Premature end of file.
2026-03-04 00:29:34,132 [ERROR] LogOutputStream:75 - [STDERR_REDIRECT] 
2026-03-04 00:29:35,131 [ERROR] LogOutputStream:75 - [STDERR_REDIRECT] [Fatal Error] :1:1: Premature end of file.
2026-03-04 00:29:35,131 [ERROR] LogOutputStream:75 - [STDERR_REDIRECT] 
2026-03-04 00:29:36,132 [ERROR] LogOutputStream:75 - [STDERR_REDIRECT] [Fatal Error] :1:1: Premature end of file.
2026-03-04 00:29:36,132 [ERROR] LogOutputStream:75 - [STDERR_REDIRECT] 
2026-03-04 00:29:37,131 [ERROR] LogOutputStream:75 - [STDERR_REDIRECT] [Fatal Error] :1:1: Premature end of file.
2026-03-04 00:29:37,131 [ERROR] LogOutputStream:75 - [STDERR_REDIRECT] 
2026-03-04 00:29:38,131 [ERROR] LogOutputStream:75 - [STDERR_REDIRECT] [Fatal Error] :1:1: Premature end of file.
2026-03-04 00:29:38,131 [ERROR] LogOutputStream:75 - [STDERR_REDIRECT] 
2026-03-04 00:29:39,131 [ERROR] LogOutputStream:75 - [STDERR_REDIRECT] [Fatal Error] :1:1: Premature end of file.
2026-03-04 00:29:39,131 [ERROR] LogOutputStream:75 - [STDERR_REDIRECT] 
2026-03-04 00:29:40,132 [ERROR] LogOutputStream:75 - [STDERR_REDIRECT] [Fatal Error] :1:1: Premature end of file.
2026-03-04 00:29:40,132 [ERROR] LogOutputStream:75 - [STDERR_REDIRECT] 
2026-03-04 00:29:41,145 [ERROR] LogOutputStream:75 - [STDERR_REDIRECT] [Fatal Error] :1:1: Premature end of file.
2026-03-04 00:29:41,146 [ERROR] LogOutputStream:75 - [STDERR_REDIRECT] 
2026-03-04 00:29:42,142 [ERROR] LogOutputStream:75 - [STDERR_REDIRECT] [Fatal Error] :1:1: Premature end of file.
2026-03-04 00:29:42,144 [ERROR] LogOutputStream:75 - [STDERR_REDIRECT] 
2026-03-04 00:29:43,133 [ERROR] LogOutputStream:75 - [STDERR_REDIRECT] [Fatal Error] :1:1: Premature end of file.
2026-03-04 00:29:43,133 [ERROR] LogOutputStream:75 - [STDERR_REDIRECT] 
2026-03-04 00:29:44,131 [ERROR] LogOutputStream:75 - [STDERR_REDIRECT] [Fatal Error] :1:1: Premature end of file.
2026-03-04 00:29:44,132 [ERROR] LogOutputStream:75 - [STDERR_REDIRECT] 
2026-03-04 00:29:45,132 [ERROR] LogOutputStream:75 - [STDERR_REDIRECT] [Fatal Error] :1:1: Premature end of file.
2026-03-04 00:29:45,132 [ERROR] LogOutputStream:75 - [STDERR_REDIRECT] 
2026-03-04 00:29:46,166 [ERROR] LogOutputStream:75 - [STDERR_REDIRECT] [Fatal Error] :1:1: Premature end of file.
2026-03-04 00:29:46,166 [ERROR] LogOutputStream:75 - [STDERR_REDIRECT] 
2026-03-04 00:29:47,130 [ERROR] LogOutputStream:75 - [STDERR_REDIRECT] [Fatal Error] :1:1: Premature end of file.
2026-03-04 00:29:47,131 [ERROR] LogOutputStream:75 - [STDERR_REDIRECT] 
2026-03-04 00:29:48,133 [ERROR] LogOutputStream:75 - [STDERR_REDIRECT] [Fatal Error] :1:1: Premature end of file.
2026-03-04 00:29:48,133 [ERROR] LogOutputStream:75 - [STDERR_REDIRECT] 
2026-03-04 00:29:49,131 [ERROR] LogOutputStream:75 - [STDERR_REDIRECT] [Fatal Error] :1:1: Premature end of file.
2026-03-04 00:29:49,131 [ERROR] LogOutputStream:75 - [STDERR_REDIRECT] 
2026-03-04 00:29:50,133 [ERROR] LogOutputStream:75 - [STDERR_REDIRECT] [Fatal Error] :1:1: Premature end of file.
2026-03-04 00:29:50,133 [ERROR] LogOutputStream:75 - [STDERR_REDIRECT] 
2026-03-04 00:29:51,132 [ERROR] LogOutputStream:75 - [STDERR_REDIRECT] [Fatal Error] :1:1: Premature end of file.
2026-03-04 00:29:51,132 [ERROR] LogOutputStream:75 - [STDERR_REDIRECT] 
2026-03-04 00:29:52,131 [ERROR] LogOutputStream:75 - [STDERR_REDIRECT] [Fatal Error] :1:1: Premature end of file.
2026-03-04 00:29:52,131 [ERROR] LogOutputStream:75 - [STDERR_REDIRECT] 
2026-03-04 00:29:53,130 [ERROR] LogOutputStream:75 - [STDERR_REDIRECT] [Fatal Error] :1:1: Premature end of file.
2026-03-04 00:29:53,130 [ERROR] LogOutputStream:75 - [STDERR_REDIRECT] 
2026-03-04 00:29:54,140 [ERROR] LogOutputStream:75 - [STDERR_REDIRECT] [Fatal Error] :1:1: Premature end of file.
2026-03-04 00:29:54,140 [ERROR] LogOutputStream:75 - [STDERR_REDIRECT] 
2026-03-04 00:29:55,130 [ERROR] LogOutputStream:75 - [STDERR_REDIRECT] [Fatal Error] :1:1: Premature end of file.
2026-03-04 00:29:55,131 [ERROR] LogOutputStream:75 - [STDERR_REDIRECT] 
2026-03-04 00:29:56,134 [ERROR] LogOutputStream:75 - [STDERR_REDIRECT] [Fatal Error] :1:1: Premature end of file.
2026-03-04 00:29:56,134 [ERROR] LogOutputStream:75 - [STDERR_REDIRECT] 
2026-03-04 00:29:57,129 [ERROR] LogOutputStream:75 - [STDERR_REDIRECT] [Fatal Error] :1:1: Premature end of file.
2026-03-04 00:29:57,131 [ERROR] LogOutputStream:75 - [STDERR_REDIRECT] 
2026-03-04 00:29:58,143 [ERROR] LogOutputStream:75 - [STDERR_REDIRECT] [Fatal Error] :1:1: Premature end of file.
2026-03-04 00:29:58,143 [ERROR] LogOutputStream:75 - [STDERR_REDIRECT] 
2026-03-04 00:29:59,133 [ERROR] LogOutputStream:75 - [STDERR_REDIRECT] [Fatal Error] :1:1: Premature end of file.
2026-03-04 00:29:59,133 [ERROR] LogOutputStream:75 - [STDERR_REDIRECT] 
2026-03-04 00:30:00,131 [ERROR] LogOutputStream:75 - [STDERR_REDIRECT] [Fatal Error] :1:1: Premature end of file.
2026-03-04 00:30:00,131 [ERROR] LogOutputStream:75 - [STDERR_REDIRECT] 
2026-03-04 00:30:01,131 [ERROR] LogOutputStream:75 - [STDERR_REDIRECT] [Fatal Error] :1:1: Premature end of file.
2026-03-04 00:30:01,131 [ERROR] LogOutputStream:75 - [STDERR_REDIRECT] 
2026-03-04 00:30:02,131 [ERROR] LogOutputStream:75 - [STDERR_REDIRECT] [Fatal Error] :1:1: Premature end of file.
2026-03-04 00:30:02,131 [ERROR] LogOutputStream:75 - [STDERR_REDIRECT] 
2026-03-04 00:30:03,128 [ERROR] LogOutputStream:75 - [STDERR_REDIRECT] [Fatal Error] :1:1: Premature end of file.
2026-03-04 00:30:03,129 [ERROR] LogOutputStream:75 - [STDERR_REDIRECT] 
2026-03-04 00:30:04,132 [ERROR] LogOutputStream:75 - [STDERR_REDIRECT] [Fatal Error] :1:1: Premature end of file.
2026-03-04 00:30:04,132 [ERROR] LogOutputStream:75 - [STDERR_REDIRECT] 
2026-03-04 00:30:05,128 [ERROR] LogOutputStream:75 - [STDERR_REDIRECT] [Fatal Error] :1:1: Premature end of file.
2026-03-04 00:30:05,128 [ERROR] LogOutputStream:75 - [STDERR_REDIRECT] 
2026-03-04 00:30:06,131 [ERROR] LogOutputStream:75 - [STDERR_REDIRECT] [Fatal Error] :1:1: Premature end of file.
2026-03-04 00:30:06,131 [ERROR] LogOutputStream:75 - [STDERR_REDIRECT] 
2026-03-04 00:30:07,139 [ERROR] LogOutputStream:75 - [STDERR_REDIRECT] [Fatal Error] :1:1: Premature end of file.
2026-03-04 00:30:07,139 [ERROR] LogOutputStream:75 - [STDERR_REDIRECT] 
2026-03-04 00:30:08,130 [ERROR] LogOutputStream:75 - [STDERR_REDIRECT] [Fatal Error] :1:1: Premature end of file.
2026-03-04 00:30:08,130 [ERROR] LogOutputStream:75 - [STDERR_REDIRECT] 
2026-03-04 00:30:09,132 [ERROR] LogOutputStream:75 - [STDERR_REDIRECT] [Fatal Error] :1:1: Premature end of file.
2026-03-04 00:30:09,132 [ERROR] LogOutputStream:75 - [STDERR_REDIRECT] 
2026-03-04 00:30:10,131 [ERROR] LogOutputStream:75 - [STDERR_REDIRECT] [Fatal Error] :1:1: Premature end of file.
2026-03-04 00:30:10,131 [ERROR] LogOutputStream:75 - [STDERR_REDIRECT] 
2026-03-04 00:30:11,130 [ERROR] LogOutputStream:75 - [STDERR_REDIRECT] [Fatal Error] :1:1: Premature end of file.
2026-03-04 00:30:11,130 [ERROR] LogOutputStream:75 - [STDERR_REDIRECT] 
2026-03-04 00:30:12,163 [ERROR] LogOutputStream:75 - [STDERR_REDIRECT] [Fatal Error] :1:1: Premature end of file.
2026-03-04 00:30:12,164 [ERROR] LogOutputStream:75 - [STDERR_REDIRECT] 
2026-03-04 00:30:12,967 [ERROR] LogOutputStream:75 - [STDERR_REDIRECT] 
